#
# There is insufficient memory for the Java Runtime Environment to continue.
# Native memory allocation (mmap) failed to map 266338304 bytes for G1 virtual space
# Possible reasons:
#   The system is out of physical RAM or swap space
#   The process is running with CompressedOops enabled, and the Java Heap may be blocking the growth of the native heap
# Possible solutions:
#   Reduce memory load on the system
#   Increase physical memory or swap space
#   Check if swap backing store is full
#   Decrease Java heap size (-Xmx/-Xms)
#   Decrease number of Java threads
#   Decrease Java thread stack sizes (-Xss)
#   Set larger code cache with -XX:ReservedCodeCacheSize=
#   JVM is running with Zero Based Compressed Oops mode in which the Java heap is
#     placed in the first 32GB address space. The Java Heap base address is the
#     maximum limit for the native heap growth. Please use -XX:HeapBaseMinAddress
#     to set the Java Heap base and to place the Java Heap above 32GB virtual address.
# This output file may be truncated or incomplete.
#
#  Out of Memory Error (os_windows.cpp:3548), pid=77288, tid=77996
#
# JRE version:  (17.0.10+11) (build )
# Java VM: Java HotSpot(TM) 64-Bit Server VM (17.0.10+11-LTS-240, mixed mode, sharing, tiered, compressed oops, compressed class ptrs, g1 gc, windows-amd64)
# No core dump will be written. Minidumps are not enabled by default on client versions of Windows
#

---------------  S U M M A R Y ------------

Command Line: --module-path=C:\Users\°×Èð\IdeaProjects\CST206\lib --add-modules=javafx.controls,javafx.graphics,javafx.fxml com.edu.xmum.cst206.App

Host: 11th Gen Intel(R) Core(TM) i5-11400H @ 2.70GHz, 12 cores, 15G,  Windows 11 , 64 bit Build 22621 (10.0.22621.3527)
Time: Sun Jun  2 14:44:12 2024  Windows 11 , 64 bit Build 22621 (10.0.22621.3527) elapsed time: 0.011770 seconds (0d 0h 0m 0s)

---------------  T H R E A D  ---------------

Current thread (0x0000025d3e3fa700):  JavaThread "Unknown thread" [_thread_in_vm, id=77996, stack(0x000000ddc5100000,0x000000ddc5200000)]

Stack: [0x000000ddc5100000,0x000000ddc5200000]
Native frames: (J=compiled Java code, j=interpreted, Vv=VM code, C=native code)
V  [jvm.dll+0x677a5a]
V  [jvm.dll+0x7d8b2d]
V  [jvm.dll+0x7da48e]
V  [jvm.dll+0x7daaf3]
V  [jvm.dll+0x2455ff]
V  [jvm.dll+0x6749b9]
V  [jvm.dll+0x669382]
V  [jvm.dll+0x302e96]
V  [jvm.dll+0x30a416]
V  [jvm.dll+0x359cbe]
V  [jvm.dll+0x359eef]
V  [jvm.dll+0x2d9e88]
V  [jvm.dll+0x2dadf4]
V  [jvm.dll+0x7aa551]
V  [jvm.dll+0x367911]
V  [jvm.dll+0x789639]
V  [jvm.dll+0x3eb30f]
V  [jvm.dll+0x3ecd91]
C  [jli.dll+0x5297]
C  [ucrtbase.dll+0x29333]
C  [KERNEL32.DLL+0x1257d]
C  [ntdll.dll+0x5aa48]


---------------  P R O C E S S  ---------------

Threads class SMR info:
_java_thread_list=0x00007fff46536a18, length=0, elements={
}

Java Threads: ( => current thread )

Other Threads:
  0x0000025d3e467ef0 GCTaskThread "GC Thread#0" [stack: 0x000000ddc5200000,0x000000ddc5300000] [id=77076]
  0x0000025d3e478bc0 ConcurrentGCThread "G1 Main Marker" [stack: 0x000000ddc5300000,0x000000ddc5400000] [id=77908]
  0x0000025d3e4795d0 ConcurrentGCThread "G1 Conc#0" [stack: 0x000000ddc5400000,0x000000ddc5500000] [id=17844]

[error occurred during error reporting (printing all threads), id 0xc0000005, EXCEPTION_ACCESS_VIOLATION (0xc0000005) at pc=0x00007fff45d6aae7]

VM state: not at safepoint (not fully initialized)

VM Mutex/Monitor currently owned by a thread:  ([mutex/lock_event])
[0x0000025d3e3f6b80] Heap_lock - owner thread: 0x0000025d3e3fa700

Heap address: 0x0000000702800000, size: 4056 MB, Compressed Oops mode: Zero based, Oop shift amount: 3

CDS archive(s) mapped at: [0x0000000000000000-0x0000000000000000-0x0000000000000000), size 0, SharedBaseAddress: 0x0000000800000000, ArchiveRelocationMode: 1.
Narrow klass base: 0x0000000000000000, Narrow klass shift: 0, Narrow klass range: 0x0

GC Precious Log:
<Empty>

Heap:
 garbage-first heap   total 0K, used 0K [0x0000000702800000, 0x0000000800000000)
  region size 2048K, 0 young (0K), 0 survivors (0K)

[error occurred during error reporting (printing heap information), id 0xc0000005, EXCEPTION_ACCESS_VIOLATION (0xc0000005) at pc=0x00007fff46151249]

GC Heap History (0 events):
No events

Deoptimization events (0 events):
No events

Classes unloaded (0 events):
No events

Classes redefined (0 events):
No events

Internal exceptions (0 events):
No events

VM Operations (0 events):
No events

Events (1 events):
Event: 0.008 Loaded shared library C:\Program Files\Java\jdk-17\bin\java.dll


Dynamic libraries:
0x00007ff6ce770000 - 0x00007ff6ce780000 	C:\Program Files\Java\jdk-17\bin\java.exe
0x00007ffff9490000 - 0x00007ffff96a7000 	C:\WINDOWS\SYSTEM32\ntdll.dll
0x00007ffff7f60000 - 0x00007ffff8024000 	C:\WINDOWS\System32\KERNEL32.DLL
0x00007ffff6e10000 - 0x00007ffff71b7000 	C:\WINDOWS\System32\KERNELBASE.dll
0x00007ffff6b30000 - 0x00007ffff6c41000 	C:\WINDOWS\System32\ucrtbase.dll
0x00007fffe2840000 - 0x00007fffe2859000 	C:\Program Files\Java\jdk-17\bin\jli.dll
0x00007fffe06d0000 - 0x00007fffe06eb000 	C:\Program Files\Java\jdk-17\bin\VCRUNTIME140.dll
0x00007ffff8690000 - 0x00007ffff8742000 	C:\WINDOWS\System32\ADVAPI32.dll
0x00007ffff7380000 - 0x00007ffff7427000 	C:\WINDOWS\System32\msvcrt.dll
0x00007ffff7540000 - 0x00007ffff75e8000 	C:\WINDOWS\System32\sechost.dll
0x00007ffff6b00000 - 0x00007ffff6b28000 	C:\WINDOWS\System32\bcrypt.dll
0x00007ffff84d0000 - 0x00007ffff85e5000 	C:\WINDOWS\System32\RPCRT4.dll
0x00007ffff8be0000 - 0x00007ffff8d8e000 	C:\WINDOWS\System32\USER32.dll
0x00007ffff6a50000 - 0x00007ffff6a76000 	C:\WINDOWS\System32\win32u.dll
0x00007ffff83a0000 - 0x00007ffff83c9000 	C:\WINDOWS\System32\GDI32.dll
0x00007ffff6c50000 - 0x00007ffff6d69000 	C:\WINDOWS\System32\gdi32full.dll
0x00007fffe0190000 - 0x00007fffe0423000 	C:\WINDOWS\WinSxS\amd64_microsoft.windows.common-controls_6595b64144ccf1df_6.0.22621.3527_none_270e469b73872a76\COMCTL32.dll
0x00007ffff6d70000 - 0x00007ffff6e0a000 	C:\WINDOWS\System32\msvcp_win.dll
0x00007ffff0160000 - 0x00007ffff016a000 	C:\WINDOWS\SYSTEM32\VERSION.dll
0x00007ffff8d90000 - 0x00007ffff8dc1000 	C:\WINDOWS\System32\IMM32.DLL
0x00007fffe4010000 - 0x00007fffe401c000 	C:\Program Files\Java\jdk-17\bin\vcruntime140_1.dll
0x00007fffc2520000 - 0x00007fffc25ae000 	C:\Program Files\Java\jdk-17\bin\msvcp140.dll
0x00007fff45a80000 - 0x00007fff4665f000 	C:\Program Files\Java\jdk-17\bin\server\jvm.dll
0x00007ffff83d0000 - 0x00007ffff83d8000 	C:\WINDOWS\System32\PSAPI.DLL
0x00007fffd7c40000 - 0x00007fffd7c49000 	C:\WINDOWS\SYSTEM32\WSOCK32.dll
0x00007fffec880000 - 0x00007fffec8b4000 	C:\WINDOWS\SYSTEM32\WINMM.dll
0x00007ffff7430000 - 0x00007ffff74a1000 	C:\WINDOWS\System32\WS2_32.dll
0x00007ffff57d0000 - 0x00007ffff57e8000 	C:\WINDOWS\SYSTEM32\kernel.appcore.dll
0x00007fffe3ec0000 - 0x00007fffe3eca000 	C:\Program Files\Java\jdk-17\bin\jimage.dll
0x00007ffff3da0000 - 0x00007ffff3fd2000 	C:\WINDOWS\SYSTEM32\DBGHELP.DLL
0x00007ffff9000000 - 0x00007ffff9388000 	C:\WINDOWS\System32\combase.dll
0x00007ffff83e0000 - 0x00007ffff84b7000 	C:\WINDOWS\System32\OLEAUT32.dll
0x00007fffdb750000 - 0x00007fffdb782000 	C:\WINDOWS\SYSTEM32\dbgcore.DLL
0x00007ffff6a80000 - 0x00007ffff6af9000 	C:\WINDOWS\System32\bcryptPrimitives.dll
0x00007fffd2610000 - 0x00007fffd2635000 	C:\Program Files\Java\jdk-17\bin\java.dll

dbghelp: loaded successfully - version: 4.0.5 - missing functions: none
symbol engine: initialized successfully - sym options: 0x614 - pdb path: .;C:\Program Files\Java\jdk-17\bin;C:\WINDOWS\SYSTEM32;C:\WINDOWS\WinSxS\amd64_microsoft.windows.common-controls_6595b64144ccf1df_6.0.22621.3527_none_270e469b73872a76;C:\Program Files\Java\jdk-17\bin\server

VM Arguments:
jvm_args: --module-path=C:\Users\°×Èð\IdeaProjects\CST206\lib --add-modules=javafx.controls,javafx.graphics,javafx.fxml 
java_command: com.edu.xmum.cst206.App
java_class_path (initial): C:\Users\°×Èð\IdeaProjects\CST206\target\classes;D:\apache-maven-3.9.6\mvn_respon\org\openjfx\javafx-controls\17.0.6\javafx-controls-17.0.6.jar;D:\apache-maven-3.9.6\mvn_respon\org\openjfx\javafx-controls\17.0.6\javafx-controls-17.0.6-win.jar;D:\apache-maven-3.9.6\mvn_respon\org\openjfx\javafx-graphics\17.0.6\javafx-graphics-17.0.6.jar;D:\apache-maven-3.9.6\mvn_respon\org\openjfx\javafx-graphics\17.0.6\javafx-graphics-17.0.6-win.jar;D:\apache-maven-3.9.6\mvn_respon\org\openjfx\javafx-base\17.0.6\javafx-base-17.0.6.jar;D:\apache-maven-3.9.6\mvn_respon\org\openjfx\javafx-base\17.0.6\javafx-base-17.0.6-win.jar;D:\apache-maven-3.9.6\mvn_respon\org\openjfx\javafx-fxml\17.0.6\javafx-fxml-17.0.6.jar;D:\apache-maven-3.9.6\mvn_respon\org\openjfx\javafx-fxml\17.0.6\javafx-fxml-17.0.6-win.jar;D:\apache-maven-3.9.6\mvn_respon\org\openjfx\javafx-media\17.0.6\javafx-media-17.0.6.jar;D:\apache-maven-3.9.6\mvn_respon\org\openjfx\javafx-media\17.0.6\javafx-media-17.0.6-win.jar;D:\apache-maven-3.9.6\mvn_respon\com\github\almasb\fxgl\17.3\fxgl-17.3.jar;D:\apache-maven-3.9.6\mvn_respon\com\github\almasb\fxgl-core\17.3\fxgl-core-17.3.jar;D:\apache-maven-3.9.6\mvn_respon\com\gluonhq\attach\audio\4.0.17\audio-4.0.17.jar;D:\apache-maven-3.9.6\mvn_respon\com\github\almasb\fxgl-io\17.3\fxgl-io-17.3.jar;D:\apache-maven-3.9.6\mvn_respon\com\gluonhq\attach\storage\4.0.17\storage-4.0.17.jar;D:\apache-maven-3.9.6\mvn_respon\com\gluonhq\attach\util\4.0.17\util-4.0.17.jar;D:\apache-maven-3.9.6\mvn_respon\com\github\almasb\fxgl-entity\17.3\fxgl-entity-17.3.jar;D:\apache-maven-3.9.6\mvn_respon\com\github\almasb\fxgl-scene\17.3\fxgl-scene-17.3.jar;D:\apache-maven-3.9.6\mvn_respon\com\github\almasb\fxgl-gameplay\17.3\fxgl-gameplay-17.3.jar;D:\apache-maven-3.9.6\mvn_respon\com\fasterxml\jackson\core\jackson-annotations\2.14.2\jackson-annotations-2.14.2.jar;D:\apache-maven-3.9.6\mvn_respon\com\fasterxml\jackson\core\jackson-databind\2.14.2\jackson-databind-2.14.2.jar;D:\apach
Launcher Type: SUN_STANDARD

[Global flags]
     intx CICompilerCount                          = 4                                         {product} {ergonomic}
     uint ConcGCThreads                            = 3                                         {product} {ergonomic}
     uint G1ConcRefinementThreads                  = 10                                        {product} {ergonomic}
   size_t G1HeapRegionSize                         = 2097152                                   {product} {ergonomic}
    uintx GCDrainStackTargetSize                   = 64                                        {product} {ergonomic}
   size_t InitialHeapSize                          = 266338304                                 {product} {ergonomic}
   size_t MarkStackSize                            = 4194304                                   {product} {ergonomic}
   size_t MaxHeapSize                              = 4253024256                                {product} {ergonomic}
   size_t MinHeapDeltaBytes                        = 2097152                                   {product} {ergonomic}
   size_t MinHeapSize                              = 8388608                                   {product} {ergonomic}
    uintx NonNMethodCodeHeapSize                   = 5839372                                {pd product} {ergonomic}
    uintx NonProfiledCodeHeapSize                  = 122909434                              {pd product} {ergonomic}
    uintx ProfiledCodeHeapSize                     = 122909434                              {pd product} {ergonomic}
    uintx ReservedCodeCacheSize                    = 251658240                              {pd product} {ergonomic}
     bool SegmentedCodeCache                       = true                                      {product} {ergonomic}
   size_t SoftMaxHeapSize                          = 4253024256                             {manageable} {ergonomic}
     bool UseCompressedClassPointers               = true                           {product lp64_product} {ergonomic}
     bool UseCompressedOops                        = true                           {product lp64_product} {ergonomic}
     bool UseG1GC                                  = true                                      {product} {ergonomic}
     bool UseLargePagesIndividualAllocation        = false                                  {pd product} {ergonomic}

Logging:
Log output configuration:
 #0: stdout all=warning uptime,level,tags
 #1: stderr all=off uptime,level,tags

Environment Variables:
JAVA_HOME=C:\Program Files\Java\jdk-17
PATH=C:\Program Files (x86)\VMware\VMware Player\bin\;C:\Python312\Scripts\;C:\Python312\;C:\Program Files (x86)\Razer\ChromaBroadcast\bin;C:\Program Files\Razer\ChromaBroadcast\bin;C:\Program Files\Common Files\Oracle\Java\javapath;C:\Windows\system32;C:\Windows;C:\Windows\System32\Wbem;C:\Windows\System32\WindowsPowerShell\v1.0\;C:\Windows\System32\OpenSSH\;C:\Program Files (x86)\NVIDIA Corporation\PhysX\Common;C:\Program Files\NVIDIA Corporation\NVIDIA NvDLISR;C:\WINDOWS\system32;C:\WINDOWS;C:\WINDOWS\System32\Wbem;C:\WINDOWS\System32\WindowsPowerShell\v1.0\;C:\WINDOWS\System32\OpenSSH\;C:\Program Files\Java\jdk-17\bin;C:\Program Files\Java\jdk-17\jre\bin;C:\WINDOWS\system32\config\systemprofile\AppData\Local\Microsoft\WindowsApps;C:\ProgramData\chocolatey\bin;C:\Program Files\nodejs\;C:\ProgramData\Microsoft\Windows\Start Menu\\Programs\Node.js;C:\ProgramData\Microsoft\Windows\Start Menu\Programs\Node.js\vue.cmd;D:\apache-maven-3.9.6\bin;D:\apache-maven-3.9.6\bin;C:\Program Files\Java\jdk-17;C:\Program Files\MySQL\MySQL Server 8.0\bin;C:\texlive\2024\bin\windows;%LATEX%\bin;D:\MinGW64\bin;C:\Program Files\Git\cmd;%JAVAFX_HOME;C:\Users\°×Èð\AppData\Local\Programs\Python\Python311\Scripts\;C:\Users\°×Èð\AppData\Local\Programs\Python\Python311\;C:\Users\°×Èð\AppData\Local\Microsoft\WindowsApps;C:\Program Files\JetBrains\PyCharm Community Edition 2022.3.2\bin;;D:\Microsoft VS Code\bin;C:\Users\°×Èð\AppData\Roaming\npm;D:\IntelliJ IDEA 2023.3.4\bin;
USERNAME=°×Èð
OS=Windows_NT
PROCESSOR_IDENTIFIER=Intel64 Family 6 Model 141 Stepping 1, GenuineIntel



---------------  S Y S T E M  ---------------

OS:
 Windows 11 , 64 bit Build 22621 (10.0.22621.3527)
OS uptime: 6 days 3:48 hours

CPU: total 12 (initial active 12) (6 cores per cpu, 2 threads per core) family 6 model 141 stepping 1 microcode 0x3c, cx8, cmov, fxsr, ht, mmx, 3dnowpref, sse, sse2, sse3, ssse3, sse4.1, sse4.2, popcnt, lzcnt, tsc, tscinvbit, avx, avx2, aes, erms, clmul, bmi1, bmi2, adx, avx512f, avx512dq, avx512cd, avx512bw, avx512vl, sha, fma, vzeroupper, avx512_vpopcntdq, avx512_vpclmulqdq, avx512_vaes, avx512_vnni, clflush, clflushopt, clwb, avx512_vbmi2, avx512_vbmi

Memory: 4k page, system-wide physical 16219M (689M free)
TotalPageFile size 51382M (AvailPageFile size 157M)
current process WorkingSet (physical memory assigned to process): 11M, peak: 11M
current process commit charge ("private bytes"): 64M, peak: 318M

vm_info: Java HotSpot(TM) 64-Bit Server VM (17.0.10+11-LTS-240) for windows-amd64 JRE (17.0.10+11-LTS-240), built on Dec 19 2023 21:47:25 by "mach5one" with MS VC++ 17.1 (VS2022)

END.
