#
# There is insufficient memory for the Java Runtime Environment to continue.
# Native memory allocation (malloc) failed to allocate 1265216 bytes for Chunk::new
# Possible reasons:
#   The system is out of physical RAM or swap space
#   The process is running with CompressedOops enabled, and the Java Heap may be blocking the growth of the native heap
# Possible solutions:
#   Reduce memory load on the system
#   Increase physical memory or swap space
#   Check if swap backing store is full
#   Decrease Java heap size (-Xmx/-Xms)
#   Decrease number of Java threads
#   Decrease Java thread stack sizes (-Xss)
#   Set larger code cache with -XX:ReservedCodeCacheSize=
#   JVM is running with Zero Based Compressed Oops mode in which the Java heap is
#     placed in the first 32GB address space. The Java Heap base address is the
#     maximum limit for the native heap growth. Please use -XX:HeapBaseMinAddress
#     to set the Java Heap base and to place the Java Heap above 32GB virtual address.
# This output file may be truncated or incomplete.
#
#  Out of Memory Error (arena.cpp:189), pid=77804, tid=68592
#
# JRE version: Java(TM) SE Runtime Environment (17.0.10+11) (build 17.0.10+11-LTS-240)
# Java VM: Java HotSpot(TM) 64-Bit Server VM (17.0.10+11-LTS-240, mixed mode, sharing, tiered, compressed oops, compressed class ptrs, g1 gc, windows-amd64)
# No core dump will be written. Minidumps are not enabled by default on client versions of Windows
#

---------------  S U M M A R Y ------------

Command Line: --module-path=C:\Users\°×Èð\IdeaProjects\CST206\lib --add-modules=javafx.controls,javafx.graphics,javafx.fxml com.edu.xmum.cst206.App

Host: 11th Gen Intel(R) Core(TM) i5-11400H @ 2.70GHz, 12 cores, 15G,  Windows 11 , 64 bit Build 22621 (10.0.22621.3527)
Time: Sun Jun  2 14:35:48 2024  Windows 11 , 64 bit Build 22621 (10.0.22621.3527) elapsed time: 0.666061 seconds (0d 0h 0m 0s)

---------------  T H R E A D  ---------------

Current thread (0x000001bed84927a0):  JavaThread "C2 CompilerThread1" daemon [_thread_in_native, id=68592, stack(0x0000004b13500000,0x0000004b13600000)]


Current CompileTask:
C2:    666 1082       4       sun.util.locale.BaseLocale::getInstance (149 bytes)

Stack: [0x0000004b13500000,0x0000004b13600000]
Native frames: (J=compiled Java code, j=interpreted, Vv=VM code, C=native code)
V  [jvm.dll+0x677a5a]
V  [jvm.dll+0x7d8b2d]
V  [jvm.dll+0x7da48e]
V  [jvm.dll+0x7daaf3]
V  [jvm.dll+0x2455ff]
V  [jvm.dll+0xaaafb]
V  [jvm.dll+0xab09c]
V  [jvm.dll+0x2aafef]
V  [jvm.dll+0x57fd55]
V  [jvm.dll+0x220472]
V  [jvm.dll+0x22084f]
V  [jvm.dll+0x2197a6]
V  [jvm.dll+0x216c79]
V  [jvm.dll+0x1a3410]
V  [jvm.dll+0x226aeb]
V  [jvm.dll+0x224cab]
V  [jvm.dll+0x78e45c]
V  [jvm.dll+0x78888a]
V  [jvm.dll+0x676935]
C  [ucrtbase.dll+0x29333]
C  [KERNEL32.DLL+0x1257d]
C  [ntdll.dll+0x5aa48]


---------------  P R O C E S S  ---------------

Threads class SMR info:
_java_thread_list=0x000001bf1e20d7d0, length=20, elements={
0x000001beb326c8a0, 0x000001bed8355fd0, 0x000001bed8356aa0, 0x000001bed8371fd0,
0x000001bed8374ba0, 0x000001bed8377570, 0x000001bed8377f30, 0x000001bed8378ee0,
0x000001bed837a1b0, 0x000001bed83866d0, 0x000001bed7ab1c70, 0x000001bed84927a0,
0x000001bf1e010900, 0x000001bf1e07e650, 0x000001bed8e3f670, 0x000001bf1e430ea0,
0x000001bf1e892a30, 0x000001bf1e8bdcc0, 0x000001bf1e90cbb0, 0x000001bf1e6c71d0
}

Java Threads: ( => current thread )
  0x000001beb326c8a0 JavaThread "main" [_thread_blocked, id=80864, stack(0x0000004b12400000,0x0000004b12500000)]
  0x000001bed8355fd0 JavaThread "Reference Handler" daemon [_thread_blocked, id=19576, stack(0x0000004b12b00000,0x0000004b12c00000)]
  0x000001bed8356aa0 JavaThread "Finalizer" daemon [_thread_blocked, id=52352, stack(0x0000004b12c00000,0x0000004b12d00000)]
  0x000001bed8371fd0 JavaThread "Signal Dispatcher" daemon [_thread_blocked, id=84740, stack(0x0000004b12d00000,0x0000004b12e00000)]
  0x000001bed8374ba0 JavaThread "Attach Listener" daemon [_thread_blocked, id=78580, stack(0x0000004b12e00000,0x0000004b12f00000)]
  0x000001bed8377570 JavaThread "Service Thread" daemon [_thread_blocked, id=72936, stack(0x0000004b12f00000,0x0000004b13000000)]
  0x000001bed8377f30 JavaThread "Monitor Deflation Thread" daemon [_thread_blocked, id=82920, stack(0x0000004b13000000,0x0000004b13100000)]
  0x000001bed8378ee0 JavaThread "C2 CompilerThread0" daemon [_thread_in_native, id=31784, stack(0x0000004b13100000,0x0000004b13200000)]
  0x000001bed837a1b0 JavaThread "C1 CompilerThread0" daemon [_thread_blocked, id=73236, stack(0x0000004b13200000,0x0000004b13300000)]
  0x000001bed83866d0 JavaThread "Sweeper thread" daemon [_thread_blocked, id=82856, stack(0x0000004b13300000,0x0000004b13400000)]
  0x000001bed7ab1c70 JavaThread "Common-Cleaner" daemon [_thread_blocked, id=79672, stack(0x0000004b13400000,0x0000004b13500000)]
=>0x000001bed84927a0 JavaThread "C2 CompilerThread1" daemon [_thread_in_native, id=68592, stack(0x0000004b13500000,0x0000004b13600000)]
  0x000001bf1e010900 JavaThread "Notification Thread" daemon [_thread_blocked, id=2460, stack(0x0000004b13700000,0x0000004b13800000)]
  0x000001bf1e07e650 JavaThread "QuantumRenderer-0" daemon [_thread_blocked, id=73964, stack(0x0000004b13900000,0x0000004b13a00000)]
  0x000001bed8e3f670 JavaThread "InvokeLaterDispatcher" daemon [_thread_blocked, id=81608, stack(0x0000004b13b00000,0x0000004b13c00000)]
  0x000001bf1e430ea0 JavaThread "JavaFX Application Thread" [_thread_in_vm, id=82764, stack(0x0000004b13c00000,0x0000004b13d00000)]
  0x000001bf1e892a30 JavaThread "JavaFX-Launcher" [_thread_blocked, id=72608, stack(0x0000004b13e00000,0x0000004b13f00000)]
  0x000001bf1e8bdcc0 JavaThread "Thread-2" daemon [_thread_in_native, id=81328, stack(0x0000004b13600000,0x0000004b13700000)]
  0x000001bf1e90cbb0 JavaThread "Thread-3" [_thread_blocked, id=83820, stack(0x0000004b14400000,0x0000004b14500000)]
  0x000001bf1e6c71d0 JavaThread "C2 CompilerThread2" daemon [_thread_in_native, id=79140, stack(0x0000004b14800000,0x0000004b14900000)]

Other Threads:
  0x000001bed7abec30 VMThread "VM Thread" [stack: 0x0000004b12a00000,0x0000004b12b00000] [id=57624]
  0x000001bed8728e00 WatcherThread [stack: 0x0000004b13800000,0x0000004b13900000] [id=75904]
  0x000001beb32d7b70 GCTaskThread "GC Thread#0" [stack: 0x0000004b12500000,0x0000004b12600000] [id=83676]
  0x000001bf1e8da9a0 GCTaskThread "GC Thread#1" [stack: 0x0000004b13f00000,0x0000004b14000000] [id=84132]
  0x000001bf1e8db070 GCTaskThread "GC Thread#2" [stack: 0x0000004b14000000,0x0000004b14100000] [id=80288]
  0x000001bf1e8db330 GCTaskThread "GC Thread#3" [stack: 0x0000004b14100000,0x0000004b14200000] [id=72804]
  0x000001bf1e8d73f0 GCTaskThread "GC Thread#4" [stack: 0x0000004b14200000,0x0000004b14300000] [id=77776]
  0x000001bf1e8d76b0 GCTaskThread "GC Thread#5" [stack: 0x0000004b14300000,0x0000004b14400000] [id=78704]
  0x000001beb32e8840 ConcurrentGCThread "G1 Main Marker" [stack: 0x0000004b12600000,0x0000004b12700000] [id=82964]
  0x000001beb32e9250 ConcurrentGCThread "G1 Conc#0" [stack: 0x0000004b12700000,0x0000004b12800000] [id=49680]
  0x000001beb33227b0 ConcurrentGCThread "G1 Refine#0" [stack: 0x0000004b12800000,0x0000004b12900000] [id=84320]
  0x000001beb33231e0 ConcurrentGCThread "G1 Service" [stack: 0x0000004b12900000,0x0000004b12a00000] [id=78020]

Threads with active compile tasks:
C2 CompilerThread0      716 1313       4       java.util.ResourceBundle$CacheKey::hashCode (23 bytes)
C2 CompilerThread1      716 1082       4       sun.util.locale.BaseLocale::getInstance (149 bytes)
C2 CompilerThread2      716 1302       4       sun.util.locale.BaseLocale$Key::equals (109 bytes)

VM state: not at safepoint (normal execution)

VM Mutex/Monitor currently owned by a thread:  ([mutex/lock_event])
[0x000001beb326ad60] AdapterHandlerLibrary_lock - owner thread: 0x0000000000000000

Heap address: 0x0000000702800000, size: 4056 MB, Compressed Oops mode: Zero based, Oop shift amount: 3

CDS archive(s) mapped at: [0x000001bed9000000-0x000001bed9bd0000-0x000001bed9bd0000), size 12386304, SharedBaseAddress: 0x000001bed9000000, ArchiveRelocationMode: 1.
Compressed class space mapped at: 0x000001beda000000-0x000001bf1a000000, reserved size: 1073741824
Narrow klass base: 0x000001bed9000000, Narrow klass shift: 0, Narrow klass range: 0x100000000

GC Precious Log:
 CPUs: 12 total, 12 available
 Memory: 16219M
 Large Page Support: Disabled
 NUMA Support: Disabled
 Compressed Oops: Enabled (Zero based)
 Heap Region Size: 2M
 Heap Min Capacity: 8M
 Heap Initial Capacity: 254M
 Heap Max Capacity: 4056M
 Pre-touch: Disabled
 Parallel Workers: 10
 Concurrent Workers: 3
 Concurrent Refinement Workers: 10
 Periodic GC: Disabled

Heap:
 garbage-first heap   total 260096K, used 23286K [0x0000000702800000, 0x0000000800000000)
  region size 2048K, 13 young (26624K), 2 survivors (4096K)
 Metaspace       used 7306K, committed 7488K, reserved 1114112K
  class space    used 1008K, committed 1088K, reserved 1048576K

Heap Regions: E=young(eden), S=young(survivor), O=old, HS=humongous(starts), HC=humongous(continues), CS=collection set, F=free, OA=open archive, CA=closed archive, TAMS=top-at-mark-start (previous, next)
|   0|0x0000000702800000, 0x0000000702800000, 0x0000000702a00000|  0%| F|  |TAMS 0x0000000702800000, 0x0000000702800000| Untracked 
|   1|0x0000000702a00000, 0x0000000702a00000, 0x0000000702c00000|  0%| F|  |TAMS 0x0000000702a00000, 0x0000000702a00000| Untracked 
|   2|0x0000000702c00000, 0x0000000702c00000, 0x0000000702e00000|  0%| F|  |TAMS 0x0000000702c00000, 0x0000000702c00000| Untracked 
|   3|0x0000000702e00000, 0x0000000702e00000, 0x0000000703000000|  0%| F|  |TAMS 0x0000000702e00000, 0x0000000702e00000| Untracked 
|   4|0x0000000703000000, 0x0000000703000000, 0x0000000703200000|  0%| F|  |TAMS 0x0000000703000000, 0x0000000703000000| Untracked 
|   5|0x0000000703200000, 0x0000000703200000, 0x0000000703400000|  0%| F|  |TAMS 0x0000000703200000, 0x0000000703200000| Untracked 
|   6|0x0000000703400000, 0x0000000703400000, 0x0000000703600000|  0%| F|  |TAMS 0x0000000703400000, 0x0000000703400000| Untracked 
|   7|0x0000000703600000, 0x0000000703600000, 0x0000000703800000|  0%| F|  |TAMS 0x0000000703600000, 0x0000000703600000| Untracked 
|   8|0x0000000703800000, 0x0000000703800000, 0x0000000703a00000|  0%| F|  |TAMS 0x0000000703800000, 0x0000000703800000| Untracked 
|   9|0x0000000703a00000, 0x0000000703a00000, 0x0000000703c00000|  0%| F|  |TAMS 0x0000000703a00000, 0x0000000703a00000| Untracked 
|  10|0x0000000703c00000, 0x0000000703c00000, 0x0000000703e00000|  0%| F|  |TAMS 0x0000000703c00000, 0x0000000703c00000| Untracked 
|  11|0x0000000703e00000, 0x0000000703e00000, 0x0000000704000000|  0%| F|  |TAMS 0x0000000703e00000, 0x0000000703e00000| Untracked 
|  12|0x0000000704000000, 0x0000000704000000, 0x0000000704200000|  0%| F|  |TAMS 0x0000000704000000, 0x0000000704000000| Untracked 
|  13|0x0000000704200000, 0x0000000704200000, 0x0000000704400000|  0%| F|  |TAMS 0x0000000704200000, 0x0000000704200000| Untracked 
|  14|0x0000000704400000, 0x0000000704400000, 0x0000000704600000|  0%| F|  |TAMS 0x0000000704400000, 0x0000000704400000| Untracked 
|  15|0x0000000704600000, 0x0000000704600000, 0x0000000704800000|  0%| F|  |TAMS 0x0000000704600000, 0x0000000704600000| Untracked 
|  16|0x0000000704800000, 0x0000000704800000, 0x0000000704a00000|  0%| F|  |TAMS 0x0000000704800000, 0x0000000704800000| Untracked 
|  17|0x0000000704a00000, 0x0000000704a00000, 0x0000000704c00000|  0%| F|  |TAMS 0x0000000704a00000, 0x0000000704a00000| Untracked 
|  18|0x0000000704c00000, 0x0000000704c00000, 0x0000000704e00000|  0%| F|  |TAMS 0x0000000704c00000, 0x0000000704c00000| Untracked 
|  19|0x0000000704e00000, 0x0000000704e00000, 0x0000000705000000|  0%| F|  |TAMS 0x0000000704e00000, 0x0000000704e00000| Untracked 
|  20|0x0000000705000000, 0x0000000705000000, 0x0000000705200000|  0%| F|  |TAMS 0x0000000705000000, 0x0000000705000000| Untracked 
|  21|0x0000000705200000, 0x0000000705200000, 0x0000000705400000|  0%| F|  |TAMS 0x0000000705200000, 0x0000000705200000| Untracked 
|  22|0x0000000705400000, 0x0000000705400000, 0x0000000705600000|  0%| F|  |TAMS 0x0000000705400000, 0x0000000705400000| Untracked 
|  23|0x0000000705600000, 0x0000000705600000, 0x0000000705800000|  0%| F|  |TAMS 0x0000000705600000, 0x0000000705600000| Untracked 
|  24|0x0000000705800000, 0x0000000705800000, 0x0000000705a00000|  0%| F|  |TAMS 0x0000000705800000, 0x0000000705800000| Untracked 
|  25|0x0000000705a00000, 0x0000000705a00000, 0x0000000705c00000|  0%| F|  |TAMS 0x0000000705a00000, 0x0000000705a00000| Untracked 
|  26|0x0000000705c00000, 0x0000000705c00000, 0x0000000705e00000|  0%| F|  |TAMS 0x0000000705c00000, 0x0000000705c00000| Untracked 
|  27|0x0000000705e00000, 0x0000000705e00000, 0x0000000706000000|  0%| F|  |TAMS 0x0000000705e00000, 0x0000000705e00000| Untracked 
|  28|0x0000000706000000, 0x0000000706000000, 0x0000000706200000|  0%| F|  |TAMS 0x0000000706000000, 0x0000000706000000| Untracked 
|  29|0x0000000706200000, 0x0000000706200000, 0x0000000706400000|  0%| F|  |TAMS 0x0000000706200000, 0x0000000706200000| Untracked 
|  30|0x0000000706400000, 0x0000000706400000, 0x0000000706600000|  0%| F|  |TAMS 0x0000000706400000, 0x0000000706400000| Untracked 
|  31|0x0000000706600000, 0x0000000706600000, 0x0000000706800000|  0%| F|  |TAMS 0x0000000706600000, 0x0000000706600000| Untracked 
|  32|0x0000000706800000, 0x0000000706800000, 0x0000000706a00000|  0%| F|  |TAMS 0x0000000706800000, 0x0000000706800000| Untracked 
|  33|0x0000000706a00000, 0x0000000706a00000, 0x0000000706c00000|  0%| F|  |TAMS 0x0000000706a00000, 0x0000000706a00000| Untracked 
|  34|0x0000000706c00000, 0x0000000706c00000, 0x0000000706e00000|  0%| F|  |TAMS 0x0000000706c00000, 0x0000000706c00000| Untracked 
|  35|0x0000000706e00000, 0x0000000706e00000, 0x0000000707000000|  0%| F|  |TAMS 0x0000000706e00000, 0x0000000706e00000| Untracked 
|  36|0x0000000707000000, 0x0000000707000000, 0x0000000707200000|  0%| F|  |TAMS 0x0000000707000000, 0x0000000707000000| Untracked 
|  37|0x0000000707200000, 0x0000000707200000, 0x0000000707400000|  0%| F|  |TAMS 0x0000000707200000, 0x0000000707200000| Untracked 
|  38|0x0000000707400000, 0x0000000707400000, 0x0000000707600000|  0%| F|  |TAMS 0x0000000707400000, 0x0000000707400000| Untracked 
|  39|0x0000000707600000, 0x0000000707600000, 0x0000000707800000|  0%| F|  |TAMS 0x0000000707600000, 0x0000000707600000| Untracked 
|  40|0x0000000707800000, 0x0000000707800000, 0x0000000707a00000|  0%| F|  |TAMS 0x0000000707800000, 0x0000000707800000| Untracked 
|  41|0x0000000707a00000, 0x0000000707a00000, 0x0000000707c00000|  0%| F|  |TAMS 0x0000000707a00000, 0x0000000707a00000| Untracked 
|  42|0x0000000707c00000, 0x0000000707c00000, 0x0000000707e00000|  0%| F|  |TAMS 0x0000000707c00000, 0x0000000707c00000| Untracked 
|  43|0x0000000707e00000, 0x0000000707e00000, 0x0000000708000000|  0%| F|  |TAMS 0x0000000707e00000, 0x0000000707e00000| Untracked 
|  44|0x0000000708000000, 0x0000000708000000, 0x0000000708200000|  0%| F|  |TAMS 0x0000000708000000, 0x0000000708000000| Untracked 
|  45|0x0000000708200000, 0x0000000708200000, 0x0000000708400000|  0%| F|  |TAMS 0x0000000708200000, 0x0000000708200000| Untracked 
|  46|0x0000000708400000, 0x0000000708400000, 0x0000000708600000|  0%| F|  |TAMS 0x0000000708400000, 0x0000000708400000| Untracked 
|  47|0x0000000708600000, 0x0000000708600000, 0x0000000708800000|  0%| F|  |TAMS 0x0000000708600000, 0x0000000708600000| Untracked 
|  48|0x0000000708800000, 0x0000000708800000, 0x0000000708a00000|  0%| F|  |TAMS 0x0000000708800000, 0x0000000708800000| Untracked 
|  49|0x0000000708a00000, 0x0000000708a00000, 0x0000000708c00000|  0%| F|  |TAMS 0x0000000708a00000, 0x0000000708a00000| Untracked 
|  50|0x0000000708c00000, 0x0000000708c00000, 0x0000000708e00000|  0%| F|  |TAMS 0x0000000708c00000, 0x0000000708c00000| Untracked 
|  51|0x0000000708e00000, 0x0000000708e00000, 0x0000000709000000|  0%| F|  |TAMS 0x0000000708e00000, 0x0000000708e00000| Untracked 
|  52|0x0000000709000000, 0x0000000709000000, 0x0000000709200000|  0%| F|  |TAMS 0x0000000709000000, 0x0000000709000000| Untracked 
|  53|0x0000000709200000, 0x0000000709200000, 0x0000000709400000|  0%| F|  |TAMS 0x0000000709200000, 0x0000000709200000| Untracked 
|  54|0x0000000709400000, 0x0000000709400000, 0x0000000709600000|  0%| F|  |TAMS 0x0000000709400000, 0x0000000709400000| Untracked 
|  55|0x0000000709600000, 0x0000000709600000, 0x0000000709800000|  0%| F|  |TAMS 0x0000000709600000, 0x0000000709600000| Untracked 
|  56|0x0000000709800000, 0x0000000709800000, 0x0000000709a00000|  0%| F|  |TAMS 0x0000000709800000, 0x0000000709800000| Untracked 
|  57|0x0000000709a00000, 0x0000000709a00000, 0x0000000709c00000|  0%| F|  |TAMS 0x0000000709a00000, 0x0000000709a00000| Untracked 
|  58|0x0000000709c00000, 0x0000000709c00000, 0x0000000709e00000|  0%| F|  |TAMS 0x0000000709c00000, 0x0000000709c00000| Untracked 
|  59|0x0000000709e00000, 0x0000000709e00000, 0x000000070a000000|  0%| F|  |TAMS 0x0000000709e00000, 0x0000000709e00000| Untracked 
|  60|0x000000070a000000, 0x000000070a000000, 0x000000070a200000|  0%| F|  |TAMS 0x000000070a000000, 0x000000070a000000| Untracked 
|  61|0x000000070a200000, 0x000000070a200000, 0x000000070a400000|  0%| F|  |TAMS 0x000000070a200000, 0x000000070a200000| Untracked 
|  62|0x000000070a400000, 0x000000070a400000, 0x000000070a600000|  0%| F|  |TAMS 0x000000070a400000, 0x000000070a400000| Untracked 
|  63|0x000000070a600000, 0x000000070a600000, 0x000000070a800000|  0%| F|  |TAMS 0x000000070a600000, 0x000000070a600000| Untracked 
|  64|0x000000070a800000, 0x000000070a800000, 0x000000070aa00000|  0%| F|  |TAMS 0x000000070a800000, 0x000000070a800000| Untracked 
|  65|0x000000070aa00000, 0x000000070aa00000, 0x000000070ac00000|  0%| F|  |TAMS 0x000000070aa00000, 0x000000070aa00000| Untracked 
|  66|0x000000070ac00000, 0x000000070ac00000, 0x000000070ae00000|  0%| F|  |TAMS 0x000000070ac00000, 0x000000070ac00000| Untracked 
|  67|0x000000070ae00000, 0x000000070ae00000, 0x000000070b000000|  0%| F|  |TAMS 0x000000070ae00000, 0x000000070ae00000| Untracked 
|  68|0x000000070b000000, 0x000000070b000000, 0x000000070b200000|  0%| F|  |TAMS 0x000000070b000000, 0x000000070b000000| Untracked 
|  69|0x000000070b200000, 0x000000070b200000, 0x000000070b400000|  0%| F|  |TAMS 0x000000070b200000, 0x000000070b200000| Untracked 
|  70|0x000000070b400000, 0x000000070b400000, 0x000000070b600000|  0%| F|  |TAMS 0x000000070b400000, 0x000000070b400000| Untracked 
|  71|0x000000070b600000, 0x000000070b600000, 0x000000070b800000|  0%| F|  |TAMS 0x000000070b600000, 0x000000070b600000| Untracked 
|  72|0x000000070b800000, 0x000000070b800000, 0x000000070ba00000|  0%| F|  |TAMS 0x000000070b800000, 0x000000070b800000| Untracked 
|  73|0x000000070ba00000, 0x000000070ba00000, 0x000000070bc00000|  0%| F|  |TAMS 0x000000070ba00000, 0x000000070ba00000| Untracked 
|  74|0x000000070bc00000, 0x000000070bc00000, 0x000000070be00000|  0%| F|  |TAMS 0x000000070bc00000, 0x000000070bc00000| Untracked 
|  75|0x000000070be00000, 0x000000070be00000, 0x000000070c000000|  0%| F|  |TAMS 0x000000070be00000, 0x000000070be00000| Untracked 
|  76|0x000000070c000000, 0x000000070c000000, 0x000000070c200000|  0%| F|  |TAMS 0x000000070c000000, 0x000000070c000000| Untracked 
|  77|0x000000070c200000, 0x000000070c200000, 0x000000070c400000|  0%| F|  |TAMS 0x000000070c200000, 0x000000070c200000| Untracked 
|  78|0x000000070c400000, 0x000000070c400000, 0x000000070c600000|  0%| F|  |TAMS 0x000000070c400000, 0x000000070c400000| Untracked 
|  79|0x000000070c600000, 0x000000070c600000, 0x000000070c800000|  0%| F|  |TAMS 0x000000070c600000, 0x000000070c600000| Untracked 
|  80|0x000000070c800000, 0x000000070c800000, 0x000000070ca00000|  0%| F|  |TAMS 0x000000070c800000, 0x000000070c800000| Untracked 
|  81|0x000000070ca00000, 0x000000070ca00000, 0x000000070cc00000|  0%| F|  |TAMS 0x000000070ca00000, 0x000000070ca00000| Untracked 
|  82|0x000000070cc00000, 0x000000070cc00000, 0x000000070ce00000|  0%| F|  |TAMS 0x000000070cc00000, 0x000000070cc00000| Untracked 
|  83|0x000000070ce00000, 0x000000070ce00000, 0x000000070d000000|  0%| F|  |TAMS 0x000000070ce00000, 0x000000070ce00000| Untracked 
|  84|0x000000070d000000, 0x000000070d000000, 0x000000070d200000|  0%| F|  |TAMS 0x000000070d000000, 0x000000070d000000| Untracked 
|  85|0x000000070d200000, 0x000000070d200000, 0x000000070d400000|  0%| F|  |TAMS 0x000000070d200000, 0x000000070d200000| Untracked 
|  86|0x000000070d400000, 0x000000070d400000, 0x000000070d600000|  0%| F|  |TAMS 0x000000070d400000, 0x000000070d400000| Untracked 
|  87|0x000000070d600000, 0x000000070d600000, 0x000000070d800000|  0%| F|  |TAMS 0x000000070d600000, 0x000000070d600000| Untracked 
|  88|0x000000070d800000, 0x000000070d800000, 0x000000070da00000|  0%| F|  |TAMS 0x000000070d800000, 0x000000070d800000| Untracked 
|  89|0x000000070da00000, 0x000000070da00000, 0x000000070dc00000|  0%| F|  |TAMS 0x000000070da00000, 0x000000070da00000| Untracked 
|  90|0x000000070dc00000, 0x000000070dc00000, 0x000000070de00000|  0%| F|  |TAMS 0x000000070dc00000, 0x000000070dc00000| Untracked 
|  91|0x000000070de00000, 0x000000070de00000, 0x000000070e000000|  0%| F|  |TAMS 0x000000070de00000, 0x000000070de00000| Untracked 
|  92|0x000000070e000000, 0x000000070e000000, 0x000000070e200000|  0%| F|  |TAMS 0x000000070e000000, 0x000000070e000000| Untracked 
|  93|0x000000070e200000, 0x000000070e200000, 0x000000070e400000|  0%| F|  |TAMS 0x000000070e200000, 0x000000070e200000| Untracked 
|  94|0x000000070e400000, 0x000000070e400000, 0x000000070e600000|  0%| F|  |TAMS 0x000000070e400000, 0x000000070e400000| Untracked 
|  95|0x000000070e600000, 0x000000070e600000, 0x000000070e800000|  0%| F|  |TAMS 0x000000070e600000, 0x000000070e600000| Untracked 
|  96|0x000000070e800000, 0x000000070e800000, 0x000000070ea00000|  0%| F|  |TAMS 0x000000070e800000, 0x000000070e800000| Untracked 
|  97|0x000000070ea00000, 0x000000070ea00000, 0x000000070ec00000|  0%| F|  |TAMS 0x000000070ea00000, 0x000000070ea00000| Untracked 
|  98|0x000000070ec00000, 0x000000070ec00000, 0x000000070ee00000|  0%| F|  |TAMS 0x000000070ec00000, 0x000000070ec00000| Untracked 
|  99|0x000000070ee00000, 0x000000070ee00000, 0x000000070f000000|  0%| F|  |TAMS 0x000000070ee00000, 0x000000070ee00000| Untracked 
| 100|0x000000070f000000, 0x000000070f000000, 0x000000070f200000|  0%| F|  |TAMS 0x000000070f000000, 0x000000070f000000| Untracked 
| 101|0x000000070f200000, 0x000000070f200000, 0x000000070f400000|  0%| F|  |TAMS 0x000000070f200000, 0x000000070f200000| Untracked 
| 102|0x000000070f400000, 0x000000070f400000, 0x000000070f600000|  0%| F|  |TAMS 0x000000070f400000, 0x000000070f400000| Untracked 
| 103|0x000000070f600000, 0x000000070f600000, 0x000000070f800000|  0%| F|  |TAMS 0x000000070f600000, 0x000000070f600000| Untracked 
| 104|0x000000070f800000, 0x000000070f800000, 0x000000070fa00000|  0%| F|  |TAMS 0x000000070f800000, 0x000000070f800000| Untracked 
| 105|0x000000070fa00000, 0x000000070fa00000, 0x000000070fc00000|  0%| F|  |TAMS 0x000000070fa00000, 0x000000070fa00000| Untracked 
| 106|0x000000070fc00000, 0x000000070fc00000, 0x000000070fe00000|  0%| F|  |TAMS 0x000000070fc00000, 0x000000070fc00000| Untracked 
| 107|0x000000070fe00000, 0x000000070fe00000, 0x0000000710000000|  0%| F|  |TAMS 0x000000070fe00000, 0x000000070fe00000| Untracked 
| 108|0x0000000710000000, 0x0000000710000000, 0x0000000710200000|  0%| F|  |TAMS 0x0000000710000000, 0x0000000710000000| Untracked 
| 109|0x0000000710200000, 0x0000000710200000, 0x0000000710400000|  0%| F|  |TAMS 0x0000000710200000, 0x0000000710200000| Untracked 
| 110|0x0000000710400000, 0x0000000710400000, 0x0000000710600000|  0%| F|  |TAMS 0x0000000710400000, 0x0000000710400000| Untracked 
| 111|0x0000000710600000, 0x0000000710600000, 0x0000000710800000|  0%| F|  |TAMS 0x0000000710600000, 0x0000000710600000| Untracked 
| 112|0x0000000710800000, 0x0000000710800000, 0x0000000710a00000|  0%| F|  |TAMS 0x0000000710800000, 0x0000000710800000| Untracked 
| 113|0x0000000710a00000, 0x0000000710a00000, 0x0000000710c00000|  0%| F|  |TAMS 0x0000000710a00000, 0x0000000710a00000| Untracked 
| 114|0x0000000710c00000, 0x0000000710cbd830, 0x0000000710e00000| 37%| S|CS|TAMS 0x0000000710c00000, 0x0000000710c00000| Complete 
| 115|0x0000000710e00000, 0x0000000711000000, 0x0000000711000000|100%| S|CS|TAMS 0x0000000710e00000, 0x0000000710e00000| Complete 
| 116|0x0000000711000000, 0x000000071113e830, 0x0000000711200000| 62%| E|  |TAMS 0x0000000711000000, 0x0000000711000000| Complete 
| 117|0x0000000711200000, 0x0000000711400000, 0x0000000711400000|100%| E|CS|TAMS 0x0000000711200000, 0x0000000711200000| Complete 
| 118|0x0000000711400000, 0x0000000711600000, 0x0000000711600000|100%| E|CS|TAMS 0x0000000711400000, 0x0000000711400000| Complete 
| 119|0x0000000711600000, 0x0000000711800000, 0x0000000711800000|100%| E|CS|TAMS 0x0000000711600000, 0x0000000711600000| Complete 
| 120|0x0000000711800000, 0x0000000711a00000, 0x0000000711a00000|100%| E|CS|TAMS 0x0000000711800000, 0x0000000711800000| Complete 
| 121|0x0000000711a00000, 0x0000000711c00000, 0x0000000711c00000|100%| E|CS|TAMS 0x0000000711a00000, 0x0000000711a00000| Complete 
| 122|0x0000000711c00000, 0x0000000711e00000, 0x0000000711e00000|100%| E|CS|TAMS 0x0000000711c00000, 0x0000000711c00000| Complete 
| 123|0x0000000711e00000, 0x0000000712000000, 0x0000000712000000|100%| E|CS|TAMS 0x0000000711e00000, 0x0000000711e00000| Complete 
| 124|0x0000000712000000, 0x0000000712200000, 0x0000000712200000|100%| E|CS|TAMS 0x0000000712000000, 0x0000000712000000| Complete 
| 125|0x0000000712200000, 0x0000000712400000, 0x0000000712400000|100%| E|CS|TAMS 0x0000000712200000, 0x0000000712200000| Complete 
| 126|0x0000000712400000, 0x0000000712600000, 0x0000000712600000|100%| E|CS|TAMS 0x0000000712400000, 0x0000000712400000| Complete 

Card table byte_map: [0x000001becc770000,0x000001beccf60000] _byte_map_base: 0x000001bec8f5c000

Marking Bits (Prev, Next): (CMBitMap*) 0x000001beb32d8190, (CMBitMap*) 0x000001beb32d81d0
 Prev Bits: [0x000001becd750000, 0x000001bed16b0000)
 Next Bits: [0x000001bed16b0000, 0x000001bed5610000)

Polling page: 0x000001beb3330000

Metaspace:

Usage:
  Non-class:      6.26 MB used.
      Class:   1021.31 KB used.
       Both:      7.26 MB used.

Virtual space:
  Non-class space:       64.00 MB reserved,       6.38 MB ( 10%) committed,  1 nodes.
      Class space:        1.00 GB reserved,       1.06 MB ( <1%) committed,  1 nodes.
             Both:        1.06 GB reserved,       7.44 MB ( <1%) committed. 

Chunk freelists:
   Non-Class:  7.52 MB
       Class:  14.88 MB
        Both:  22.39 MB

MaxMetaspaceSize: unlimited
CompressedClassSpaceSize: 1.00 GB
Initial GC threshold: 21.00 MB
Current GC threshold: 21.00 MB
CDS: on
MetaspaceReclaimPolicy: balanced
 - commit_granule_bytes: 65536.
 - commit_granule_words: 8192.
 - virtual_space_node_default_size: 8388608.
 - enlarge_chunks_in_place: 1.
 - new_chunks_are_fully_committed: 0.
 - uncommit_free_chunks: 1.
 - use_allocation_guard: 0.
 - handle_deallocations: 1.


Internal statistics:

num_allocs_failed_limit: 0.
num_arena_births: 94.
num_arena_deaths: 0.
num_vsnodes_births: 2.
num_vsnodes_deaths: 0.
num_space_committed: 119.
num_space_uncommitted: 0.
num_chunks_returned_to_freelist: 0.
num_chunks_taken_from_freelist: 327.
num_chunk_merges: 0.
num_chunk_splits: 232.
num_chunks_enlarged: 188.
num_inconsistent_stats: 0.

CodeHeap 'non-profiled nmethods': size=120000Kb used=591Kb max_used=591Kb free=119408Kb
 bounds [0x000001bec3dd0000, 0x000001bec4040000, 0x000001becb300000]
CodeHeap 'profiled nmethods': size=120000Kb used=2409Kb max_used=2409Kb free=117590Kb
 bounds [0x000001bebc300000, 0x000001bebc570000, 0x000001bec3830000]
CodeHeap 'non-nmethods': size=5760Kb used=1326Kb max_used=1340Kb free=4433Kb
 bounds [0x000001bec3830000, 0x000001bec3aa0000, 0x000001bec3dd0000]
 total_blobs=1967 nmethods=1319 adapters=561
 compilation: enabled
              stopped_count=0, restarted_count=0
 full_count=0

Compilation events (20 events):
Event: 0.647 Thread 0x000001bed837a1b0 nmethod 1288 0x000001bebc541b10 code [0x000001bebc541dc0, 0x000001bebc542b88]
Event: 0.647 Thread 0x000001bed837a1b0 1289       3       java.util.ResourceBundle::getResourceBundleProviderType (92 bytes)
Event: 0.648 Thread 0x000001bed8378ee0 nmethod 1245 0x000001bec3e50610 code [0x000001bec3e507a0, 0x000001bec3e50848]
Event: 0.648 Thread 0x000001bed8378ee0 1277       4       sun.util.locale.BaseLocale$Key::<init> (76 bytes)
Event: 0.648 Thread 0x000001bed837a1b0 nmethod 1289 0x000001bebc543090 code [0x000001bebc543420, 0x000001bebc544848]
Event: 0.649 Thread 0x000001bed837a1b0 1290       3       java.lang.StringUTF16::indexOf (43 bytes)
Event: 0.649 Thread 0x000001bed837a1b0 nmethod 1290 0x000001bebc545010 code [0x000001bebc545200, 0x000001bebc545608]
Event: 0.651 Thread 0x000001bed837a1b0 1295       3       java.util.ResourceBundle::getBundleImpl (334 bytes)
Event: 0.653 Thread 0x000001bed837a1b0 nmethod 1295 0x000001bebc545790 code [0x000001bebc545ba0, 0x000001bebc547ae8]
Event: 0.653 Thread 0x000001bed837a1b0 1298       3       java.util.ResourceBundle$Control$CandidateListCache::getDefaultList (415 bytes)
Event: 0.654 Thread 0x000001bed837a1b0 nmethod 1298 0x000001bebc548710 code [0x000001bebc548ba0, 0x000001bebc54afa8]
Event: 0.654 Thread 0x000001bed837a1b0 1293       3       java.util.ResourceBundle::getBundleImpl (12 bytes)
Event: 0.654 Thread 0x000001bed837a1b0 nmethod 1293 0x000001bebc54ba90 code [0x000001bebc54bce0, 0x000001bebc54c748]
Event: 0.654 Thread 0x000001bed837a1b0 1294       3       java.util.ResourceBundle::getBundleImpl (77 bytes)
Event: 0.655 Thread 0x000001bed837a1b0 nmethod 1294 0x000001bebc54cb10 code [0x000001bebc54cde0, 0x000001bebc54dd08]
Event: 0.655 Thread 0x000001bed837a1b0 1296       3       java.util.ResourceBundle$CacheKey::<init> (73 bytes)
Event: 0.655 Thread 0x000001bed837a1b0 nmethod 1296 0x000001bebc54e290 code [0x000001bebc54e500, 0x000001bebc54f2d8]
Event: 0.655 Thread 0x000001bed837a1b0 1297       3       com.sun.javafx.application.WindowsHighContrastScheme::lambda$static$0 (7 bytes)
Event: 0.655 Thread 0x000001bed837a1b0 nmethod 1297 0x000001bebc54f690 code [0x000001bebc54f840, 0x000001bebc54f988]
Event: 0.655 Thread 0x000001bed837a1b0 1299   !   3       java.lang.Module::getResourceAsStream (159 bytes)

GC Heap History (2 events):
Event: 0.447 GC heap before
{Heap before GC invocations=0 (full 0):
 garbage-first heap   total 260096K, used 22528K [0x0000000702800000, 0x0000000800000000)
  region size 2048K, 11 young (22528K), 0 survivors (0K)
 Metaspace       used 5043K, committed 5184K, reserved 1114112K
  class space    used 704K, committed 768K, reserved 1048576K
}
Event: 0.449 GC heap after
{Heap after GC invocations=1 (full 0):
 garbage-first heap   total 260096K, used 2806K [0x0000000702800000, 0x0000000800000000)
  region size 2048K, 2 young (4096K), 2 survivors (4096K)
 Metaspace       used 5043K, committed 5184K, reserved 1114112K
  class space    used 704K, committed 768K, reserved 1048576K
}

Deoptimization events (20 events):
Event: 0.537 Thread 0x000001bf1e430ea0 DEOPT PACKING pc=0x000001bec3e2dd28 sp=0x0000004b13cfb7c0
Event: 0.537 Thread 0x000001bf1e430ea0 DEOPT UNPACKING pc=0x000001bec3885ba3 sp=0x0000004b13cfb760 mode 2
Event: 0.537 Thread 0x000001bf1e430ea0 Uncommon trap: trap_request=0xffffffc6 fr.pc=0x000001bec3e2dd28 relative=0x0000000000000548
Event: 0.537 Thread 0x000001bf1e430ea0 Uncommon trap: reason=bimorphic_or_optimized_type_check action=maybe_recompile pc=0x000001bec3e2dd28 method=java.util.concurrent.ConcurrentHashMap.get(Ljava/lang/Object;)Ljava/lang/Object; @ 149 c2
Event: 0.537 Thread 0x000001bf1e430ea0 DEOPT PACKING pc=0x000001bec3e2dd28 sp=0x0000004b13cfb7c0
Event: 0.537 Thread 0x000001bf1e430ea0 DEOPT UNPACKING pc=0x000001bec3885ba3 sp=0x0000004b13cfb760 mode 2
Event: 0.537 Thread 0x000001bf1e430ea0 Uncommon trap: trap_request=0xffffffc6 fr.pc=0x000001bec3e2dd28 relative=0x0000000000000548
Event: 0.537 Thread 0x000001bf1e430ea0 Uncommon trap: reason=bimorphic_or_optimized_type_check action=maybe_recompile pc=0x000001bec3e2dd28 method=java.util.concurrent.ConcurrentHashMap.get(Ljava/lang/Object;)Ljava/lang/Object; @ 149 c2
Event: 0.537 Thread 0x000001bf1e430ea0 DEOPT PACKING pc=0x000001bec3e2dd28 sp=0x0000004b13cfb7c0
Event: 0.537 Thread 0x000001bf1e430ea0 DEOPT UNPACKING pc=0x000001bec3885ba3 sp=0x0000004b13cfb760 mode 2
Event: 0.537 Thread 0x000001bf1e430ea0 Uncommon trap: trap_request=0xffffffc6 fr.pc=0x000001bec3e2dd28 relative=0x0000000000000548
Event: 0.537 Thread 0x000001bf1e430ea0 Uncommon trap: reason=bimorphic_or_optimized_type_check action=maybe_recompile pc=0x000001bec3e2dd28 method=java.util.concurrent.ConcurrentHashMap.get(Ljava/lang/Object;)Ljava/lang/Object; @ 149 c2
Event: 0.537 Thread 0x000001bf1e430ea0 DEOPT PACKING pc=0x000001bec3e2dd28 sp=0x0000004b13cfb7c0
Event: 0.537 Thread 0x000001bf1e430ea0 DEOPT UNPACKING pc=0x000001bec3885ba3 sp=0x0000004b13cfb760 mode 2
Event: 0.574 Thread 0x000001bf1e430ea0 Uncommon trap: trap_request=0xffffff45 fr.pc=0x000001bec3e3a830 relative=0x0000000000000690
Event: 0.574 Thread 0x000001bf1e430ea0 Uncommon trap: reason=unstable_if action=reinterpret pc=0x000001bec3e3a830 method=sun.util.locale.LocaleUtils.caseIgnoreMatch(Ljava/lang/String;Ljava/lang/String;)Z @ 17 c2
Event: 0.574 Thread 0x000001bf1e430ea0 DEOPT PACKING pc=0x000001bec3e3a830 sp=0x0000004b13cfbd20
Event: 0.574 Thread 0x000001bf1e430ea0 DEOPT UNPACKING pc=0x000001bec3885ba3 sp=0x0000004b13cfbca8 mode 2
Event: 0.649 Thread 0x000001bf1e430ea0 DEOPT PACKING pc=0x000001bebc3e71d3 sp=0x0000004b13cfb7b0
Event: 0.649 Thread 0x000001bf1e430ea0 DEOPT UNPACKING pc=0x000001bec38866e3 sp=0x0000004b13cfabc0 mode 0

Classes unloaded (0 events):
No events

Classes redefined (0 events):
No events

Internal exceptions (20 events):
Event: 0.654 Thread 0x000001bf1e430ea0 Exception <a 'java/lang/ClassNotFoundException'{0x0000000711465a38}: com/sun/glass/ui/win/themes_asa_Latn_TZ> (0x0000000711465a38) 
thrown [s\open\src\hotspot\share\prims\jni.cpp, line 535]
Event: 0.654 Thread 0x000001bf1e430ea0 Exception <a 'java/lang/ClassNotFoundException'{0x0000000711467640}: com/sun/glass/ui/win/themes_ff_Latn_GN> (0x0000000711467640) 
thrown [s\open\src\hotspot\share\prims\jni.cpp, line 535]
Event: 0.654 Thread 0x000001bf1e430ea0 Exception <a 'java/lang/ClassNotFoundException'{0x00000007114690c0}: com/sun/glass/ui/win/themes_sl_Latn> (0x00000007114690c0) 
thrown [s\open\src\hotspot\share\prims\jni.cpp, line 535]
Event: 0.654 Thread 0x000001bf1e430ea0 Exception <a 'java/lang/ClassNotFoundException'{0x000000071146a960}: com/sun/glass/ui/win/themes_sl_Latn_SI> (0x000000071146a960) 
thrown [s\open\src\hotspot\share\prims\jni.cpp, line 535]
Event: 0.654 Thread 0x000001bf1e430ea0 Exception <a 'java/lang/ClassNotFoundException'{0x000000071146c1c8}: com/sun/glass/ui/win/themes_en_SD> (0x000000071146c1c8) 
thrown [s\open\src\hotspot\share\prims\jni.cpp, line 535]
Event: 0.654 Thread 0x000001bf1e430ea0 Exception <a 'java/lang/ClassNotFoundException'{0x000000071146db98}: com/sun/glass/ui/win/themes_mai_IN> (0x000000071146db98) 
thrown [s\open\src\hotspot\share\prims\jni.cpp, line 535]
Event: 0.654 Thread 0x000001bf1e430ea0 Exception <a 'java/lang/ClassNotFoundException'{0x000000071146f178}: com/sun/glass/ui/win/themes_mai_Deva> (0x000000071146f178) 
thrown [s\open\src\hotspot\share\prims\jni.cpp, line 535]
Event: 0.654 Thread 0x000001bf1e430ea0 Exception <a 'java/lang/ClassNotFoundException'{0x0000000711470768}: com/sun/glass/ui/win/themes_mai_Deva_IN> (0x0000000711470768) 
thrown [s\open\src\hotspot\share\prims\jni.cpp, line 535]
Event: 0.655 Thread 0x000001bf1e430ea0 Exception <a 'java/lang/ClassNotFoundException'{0x00000007114720c8}: com/sun/glass/ui/win/themes_ja> (0x00000007114720c8) 
thrown [s\open\src\hotspot\share\prims\jni.cpp, line 535]
Event: 0.655 Thread 0x000001bf1e430ea0 Exception <a 'java/lang/ClassNotFoundException'{0x000000071147a250}: com/sun/glass/ui/win/themes_ja_JP> (0x000000071147a250) 
thrown [s\open\src\hotspot\share\prims\jni.cpp, line 535]
Event: 0.655 Thread 0x000001bf1e430ea0 Exception <a 'java/lang/ClassNotFoundException'{0x000000071147b818}: com/sun/glass/ui/win/themes_ja_JP_JP> (0x000000071147b818) 
thrown [s\open\src\hotspot\share\prims\jni.cpp, line 535]
Event: 0.655 Thread 0x000001bf1e430ea0 Exception <a 'java/lang/ClassNotFoundException'{0x000000071147d058}: com/sun/glass/ui/win/themes_es_SV> (0x000000071147d058) 
thrown [s\open\src\hotspot\share\prims\jni.cpp, line 535]
Event: 0.655 Thread 0x000001bf1e430ea0 Exception <a 'java/lang/ClassNotFoundException'{0x000000071147e9a8}: com/sun/glass/ui/win/themes_mni_IN> (0x000000071147e9a8) 
thrown [s\open\src\hotspot\share\prims\jni.cpp, line 535]
Event: 0.655 Thread 0x000001bf1e430ea0 Exception <a 'java/lang/ClassNotFoundException'{0x000000071147ff88}: com/sun/glass/ui/win/themes_mni_Beng> (0x000000071147ff88) 
thrown [s\open\src\hotspot\share\prims\jni.cpp, line 535]
Event: 0.655 Thread 0x000001bf1e430ea0 Exception <a 'java/lang/ClassNotFoundException'{0x0000000711481578}: com/sun/glass/ui/win/themes_mni_Beng_IN> (0x0000000711481578) 
thrown [s\open\src\hotspot\share\prims\jni.cpp, line 535]
Event: 0.656 Thread 0x000001bf1e430ea0 Exception <a 'java/lang/ClassNotFoundException'{0x0000000711482e28}: com/sun/glass/ui/win/themes_ml> (0x0000000711482e28) 
thrown [s\open\src\hotspot\share\prims\jni.cpp, line 535]
Event: 0.656 Thread 0x000001bf1e430ea0 Exception <a 'java/lang/ClassNotFoundException'{0x00000007114843d0}: com/sun/glass/ui/win/themes_ml_IN> (0x00000007114843d0) 
thrown [s\open\src\hotspot\share\prims\jni.cpp, line 535]
Event: 0.656 Thread 0x000001bf1e430ea0 Exception <a 'java/lang/ClassNotFoundException'{0x0000000711485e08}: com/sun/glass/ui/win/themes_ga_Latn> (0x0000000711485e08) 
thrown [s\open\src\hotspot\share\prims\jni.cpp, line 535]
Event: 0.656 Thread 0x000001bf1e430ea0 Exception <a 'java/lang/ClassNotFoundException'{0x00000007114873f8}: com/sun/glass/ui/win/themes_ga_Latn_IE> (0x00000007114873f8) 
thrown [s\open\src\hotspot\share\prims\jni.cpp, line 535]
Event: 0.656 Thread 0x000001bf1e430ea0 Exception <a 'java/lang/ClassNotFoundException'{0x0000000711488c60}: com/sun/glass/ui/win/themes_en_FK> (0x0000000711488c60) 
thrown [s\open\src\hotspot\share\prims\jni.cpp, line 535]

VM Operations (10 events):
Event: 0.066 Executing VM operation: HandshakeAllThreads
Event: 0.066 Executing VM operation: HandshakeAllThreads done
Event: 0.102 Executing VM operation: HandshakeAllThreads
Event: 0.102 Executing VM operation: HandshakeAllThreads done
Event: 0.278 Executing VM operation: HandshakeAllThreads
Event: 0.278 Executing VM operation: HandshakeAllThreads done
Event: 0.447 Executing VM operation: G1CollectForAllocation
Event: 0.449 Executing VM operation: G1CollectForAllocation done
Event: 0.568 Executing VM operation: HandshakeAllThreads
Event: 0.568 Executing VM operation: HandshakeAllThreads done

Events (20 events):
Event: 0.568 loading class java/util/stream/Nodes$EmptyNode$OfLong
Event: 0.568 loading class java/util/stream/Node$OfLong
Event: 0.568 loading class java/util/stream/Node$OfLong done
Event: 0.568 loading class java/util/stream/Nodes$EmptyNode$OfLong done
Event: 0.568 loading class java/util/stream/Nodes$EmptyNode$OfDouble
Event: 0.569 loading class java/util/stream/Node$OfDouble
Event: 0.569 loading class java/util/stream/Node$OfDouble done
Event: 0.569 loading class java/util/stream/Nodes$EmptyNode$OfDouble done
Event: 0.569 loading class java/util/stream/Nodes$SpinedNodeBuilder
Event: 0.569 loading class java/util/stream/Node$Builder
Event: 0.569 loading class java/util/stream/Node$Builder done
Event: 0.569 loading class java/util/stream/SpinedBuffer
Event: 0.569 loading class java/util/stream/AbstractSpinedBuffer
Event: 0.569 loading class java/util/stream/AbstractSpinedBuffer done
Event: 0.569 loading class java/util/stream/SpinedBuffer done
Event: 0.569 loading class java/util/stream/Nodes$SpinedNodeBuilder done
Event: 0.584 loading class java/util/LinkedList$ListItr
Event: 0.584 loading class java/util/LinkedList$ListItr done
Event: 0.645 loading class java/util/Locale$LocaleKey
Event: 0.645 loading class java/util/Locale$LocaleKey done


Dynamic libraries:
0x00007ff6ce770000 - 0x00007ff6ce780000 	C:\Program Files\Java\jdk-17\bin\java.exe
0x00007ffff9490000 - 0x00007ffff96a7000 	C:\WINDOWS\SYSTEM32\ntdll.dll
0x00007ffff7f60000 - 0x00007ffff8024000 	C:\WINDOWS\System32\KERNEL32.DLL
0x00007ffff6e10000 - 0x00007ffff71b7000 	C:\WINDOWS\System32\KERNELBASE.dll
0x00007ffff6b30000 - 0x00007ffff6c41000 	C:\WINDOWS\System32\ucrtbase.dll
0x00007fffe06d0000 - 0x00007fffe06eb000 	C:\Program Files\Java\jdk-17\bin\VCRUNTIME140.dll
0x00007fffe2840000 - 0x00007fffe2859000 	C:\Program Files\Java\jdk-17\bin\jli.dll
0x00007ffff8690000 - 0x00007ffff8742000 	C:\WINDOWS\System32\ADVAPI32.dll
0x00007ffff7380000 - 0x00007ffff7427000 	C:\WINDOWS\System32\msvcrt.dll
0x00007ffff7540000 - 0x00007ffff75e8000 	C:\WINDOWS\System32\sechost.dll
0x00007ffff6b00000 - 0x00007ffff6b28000 	C:\WINDOWS\System32\bcrypt.dll
0x00007ffff84d0000 - 0x00007ffff85e5000 	C:\WINDOWS\System32\RPCRT4.dll
0x00007ffff8be0000 - 0x00007ffff8d8e000 	C:\WINDOWS\System32\USER32.dll
0x00007ffff6a50000 - 0x00007ffff6a76000 	C:\WINDOWS\System32\win32u.dll
0x00007ffff83a0000 - 0x00007ffff83c9000 	C:\WINDOWS\System32\GDI32.dll
0x00007ffff6c50000 - 0x00007ffff6d69000 	C:\WINDOWS\System32\gdi32full.dll
0x00007ffff6d70000 - 0x00007ffff6e0a000 	C:\WINDOWS\System32\msvcp_win.dll
0x00007fffe0190000 - 0x00007fffe0423000 	C:\WINDOWS\WinSxS\amd64_microsoft.windows.common-controls_6595b64144ccf1df_6.0.22621.3527_none_270e469b73872a76\COMCTL32.dll
0x00007ffff0160000 - 0x00007ffff016a000 	C:\WINDOWS\SYSTEM32\VERSION.dll
0x00007ffff8d90000 - 0x00007ffff8dc1000 	C:\WINDOWS\System32\IMM32.DLL
0x00007fffe4010000 - 0x00007fffe401c000 	C:\Program Files\Java\jdk-17\bin\vcruntime140_1.dll
0x00007fffc2520000 - 0x00007fffc25ae000 	C:\Program Files\Java\jdk-17\bin\msvcp140.dll
0x00007fff45a80000 - 0x00007fff4665f000 	C:\Program Files\Java\jdk-17\bin\server\jvm.dll
0x00007ffff83d0000 - 0x00007ffff83d8000 	C:\WINDOWS\System32\PSAPI.DLL
0x00007fffd7c40000 - 0x00007fffd7c49000 	C:\WINDOWS\SYSTEM32\WSOCK32.dll
0x00007ffff7430000 - 0x00007ffff74a1000 	C:\WINDOWS\System32\WS2_32.dll
0x00007fffec880000 - 0x00007fffec8b4000 	C:\WINDOWS\SYSTEM32\WINMM.dll
0x00007ffff57d0000 - 0x00007ffff57e8000 	C:\WINDOWS\SYSTEM32\kernel.appcore.dll
0x00007fffe3ec0000 - 0x00007fffe3eca000 	C:\Program Files\Java\jdk-17\bin\jimage.dll
0x00007ffff3da0000 - 0x00007ffff3fd2000 	C:\WINDOWS\SYSTEM32\DBGHELP.DLL
0x00007ffff9000000 - 0x00007ffff9388000 	C:\WINDOWS\System32\combase.dll
0x00007ffff83e0000 - 0x00007ffff84b7000 	C:\WINDOWS\System32\OLEAUT32.dll
0x00007fffdb750000 - 0x00007fffdb782000 	C:\WINDOWS\SYSTEM32\dbgcore.DLL
0x00007ffff6a80000 - 0x00007ffff6af9000 	C:\WINDOWS\System32\bcryptPrimitives.dll
0x00007fffd2610000 - 0x00007fffd2635000 	C:\Program Files\Java\jdk-17\bin\java.dll
0x00007fffc1e20000 - 0x00007fffc1ef7000 	C:\Program Files\Java\jdk-17\bin\jsvml.dll
0x00007ffff7700000 - 0x00007ffff7f5c000 	C:\WINDOWS\System32\SHELL32.dll
0x00007ffff46f0000 - 0x00007ffff4fe6000 	C:\WINDOWS\SYSTEM32\windows.storage.dll
0x00007ffff45b0000 - 0x00007ffff46ee000 	C:\WINDOWS\SYSTEM32\wintypes.dll
0x00007ffff8190000 - 0x00007ffff8285000 	C:\WINDOWS\System32\SHCORE.dll
0x00007ffff8340000 - 0x00007ffff839e000 	C:\WINDOWS\System32\shlwapi.dll
0x00007ffff66e0000 - 0x00007ffff6701000 	C:\WINDOWS\SYSTEM32\profapi.dll
0x00007fffd2c40000 - 0x00007fffd2c59000 	C:\Program Files\Java\jdk-17\bin\net.dll
0x00007ffff08d0000 - 0x00007ffff0a06000 	C:\WINDOWS\SYSTEM32\WINHTTP.dll
0x00007ffff5cb0000 - 0x00007ffff5d19000 	C:\WINDOWS\system32\mswsock.dll
0x00007fffd29d0000 - 0x00007fffd29e6000 	C:\Program Files\Java\jdk-17\bin\nio.dll
0x00007fffd25c0000 - 0x00007fffd25d8000 	C:\Program Files\Java\jdk-17\bin\zip.dll
0x000001bed8fe0000 - 0x000001bed8fe3000 	C:\Users\°×Èð\IdeaProjects\CST206\bin\api-ms-win-core-console-l1-1-0.dll
0x000001bed8ff0000 - 0x000001bed8ff3000 	C:\Users\°×Èð\IdeaProjects\CST206\bin\api-ms-win-core-console-l1-2-0.dll
0x000001bf1efd0000 - 0x000001bf1efd3000 	C:\Users\°×Èð\IdeaProjects\CST206\bin\api-ms-win-core-datetime-l1-1-0.dll
0x000001bf1efe0000 - 0x000001bf1efe3000 	C:\Users\°×Èð\IdeaProjects\CST206\bin\api-ms-win-core-debug-l1-1-0.dll
0x000001bf1eff0000 - 0x000001bf1eff3000 	C:\Users\°×Èð\IdeaProjects\CST206\bin\api-ms-win-core-errorhandling-l1-1-0.dll
0x000001bf1f000000 - 0x000001bf1f004000 	C:\Users\°×Èð\IdeaProjects\CST206\bin\api-ms-win-core-file-l1-1-0.dll
0x000001bf1f010000 - 0x000001bf1f013000 	C:\Users\°×Èð\IdeaProjects\CST206\bin\api-ms-win-core-file-l1-2-0.dll
0x000001bf1f020000 - 0x000001bf1f023000 	C:\Users\°×Èð\IdeaProjects\CST206\bin\api-ms-win-core-file-l2-1-0.dll
0x000001bf1f030000 - 0x000001bf1f033000 	C:\Users\°×Èð\IdeaProjects\CST206\bin\api-ms-win-core-handle-l1-1-0.dll
0x000001bf1f040000 - 0x000001bf1f043000 	C:\Users\°×Èð\IdeaProjects\CST206\bin\api-ms-win-core-heap-l1-1-0.dll
0x000001bf1f170000 - 0x000001bf1f173000 	C:\Users\°×Èð\IdeaProjects\CST206\bin\api-ms-win-core-interlocked-l1-1-0.dll
0x000001bf1f050000 - 0x000001bf1f053000 	C:\Users\°×Èð\IdeaProjects\CST206\bin\api-ms-win-core-libraryloader-l1-1-0.dll
0x000001bf1f060000 - 0x000001bf1f063000 	C:\Users\°×Èð\IdeaProjects\CST206\bin\api-ms-win-core-localization-l1-2-0.dll
0x000001bf1f070000 - 0x000001bf1f073000 	C:\Users\°×Èð\IdeaProjects\CST206\bin\api-ms-win-core-memory-l1-1-0.dll
0x000001bf1f080000 - 0x000001bf1f083000 	C:\Users\°×Èð\IdeaProjects\CST206\bin\api-ms-win-core-namedpipe-l1-1-0.dll
0x000001bf1f090000 - 0x000001bf1f093000 	C:\Users\°×Èð\IdeaProjects\CST206\bin\api-ms-win-core-processenvironment-l1-1-0.dll
0x000001bf1f0a0000 - 0x000001bf1f0a3000 	C:\Users\°×Èð\IdeaProjects\CST206\bin\api-ms-win-core-processthreads-l1-1-0.dll
0x000001bf1f0b0000 - 0x000001bf1f0b3000 	C:\Users\°×Èð\IdeaProjects\CST206\bin\api-ms-win-core-processthreads-l1-1-1.dll
0x000001bf1f0c0000 - 0x000001bf1f0c3000 	C:\Users\°×Èð\IdeaProjects\CST206\bin\api-ms-win-core-profile-l1-1-0.dll
0x000001bf1f0d0000 - 0x000001bf1f0d3000 	C:\Users\°×Èð\IdeaProjects\CST206\bin\api-ms-win-core-rtlsupport-l1-1-0.dll
0x000001bf1f0e0000 - 0x000001bf1f0e3000 	C:\Users\°×Èð\IdeaProjects\CST206\bin\api-ms-win-core-string-l1-1-0.dll
0x000001bf1f0f0000 - 0x000001bf1f0f3000 	C:\Users\°×Èð\IdeaProjects\CST206\bin\api-ms-win-core-synch-l1-1-0.dll
0x000001bf1f100000 - 0x000001bf1f103000 	C:\Users\°×Èð\IdeaProjects\CST206\bin\api-ms-win-core-synch-l1-2-0.dll
0x000001bf1f110000 - 0x000001bf1f113000 	C:\Users\°×Èð\IdeaProjects\CST206\bin\api-ms-win-core-sysinfo-l1-1-0.dll
0x000001bf1f120000 - 0x000001bf1f123000 	C:\Users\°×Èð\IdeaProjects\CST206\bin\api-ms-win-core-timezone-l1-1-0.dll
0x000001bf1f130000 - 0x000001bf1f133000 	C:\Users\°×Èð\IdeaProjects\CST206\bin\api-ms-win-core-util-l1-1-0.dll
0x000001bf1f140000 - 0x000001bf1f143000 	C:\Users\°×Èð\IdeaProjects\CST206\bin\api-ms-win-crt-conio-l1-1-0.dll
0x000001bf1f150000 - 0x000001bf1f154000 	C:\Users\°×Èð\IdeaProjects\CST206\bin\api-ms-win-crt-convert-l1-1-0.dll
0x000001bf1f160000 - 0x000001bf1f163000 	C:\Users\°×Èð\IdeaProjects\CST206\bin\api-ms-win-crt-environment-l1-1-0.dll
0x000001bf1f180000 - 0x000001bf1f183000 	C:\Users\°×Èð\IdeaProjects\CST206\bin\api-ms-win-crt-filesystem-l1-1-0.dll
0x000001bf1f190000 - 0x000001bf1f193000 	C:\Users\°×Èð\IdeaProjects\CST206\bin\api-ms-win-crt-heap-l1-1-0.dll
0x000001bf1f1a0000 - 0x000001bf1f1a3000 	C:\Users\°×Èð\IdeaProjects\CST206\bin\api-ms-win-crt-locale-l1-1-0.dll
0x000001bf1f1b0000 - 0x000001bf1f1b5000 	C:\Users\°×Èð\IdeaProjects\CST206\bin\api-ms-win-crt-math-l1-1-0.dll
0x000001bf1f1c0000 - 0x000001bf1f1c5000 	C:\Users\°×Èð\IdeaProjects\CST206\bin\api-ms-win-crt-multibyte-l1-1-0.dll
0x000001bf1f510000 - 0x000001bf1f520000 	C:\Users\°×Èð\IdeaProjects\CST206\bin\api-ms-win-crt-private-l1-1-0.dll
0x000001bf1f520000 - 0x000001bf1f523000 	C:\Users\°×Èð\IdeaProjects\CST206\bin\api-ms-win-crt-process-l1-1-0.dll
0x000001bf1f530000 - 0x000001bf1f534000 	C:\Users\°×Èð\IdeaProjects\CST206\bin\api-ms-win-crt-runtime-l1-1-0.dll
0x000001bf1f1d0000 - 0x000001bf1f1d4000 	C:\Users\°×Èð\IdeaProjects\CST206\bin\api-ms-win-crt-stdio-l1-1-0.dll
0x000001bf1f1e0000 - 0x000001bf1f1e4000 	C:\Users\°×Èð\IdeaProjects\CST206\bin\api-ms-win-crt-string-l1-1-0.dll
0x000001bf1f1f0000 - 0x000001bf1f1f3000 	C:\Users\°×Èð\IdeaProjects\CST206\bin\api-ms-win-crt-time-l1-1-0.dll
0x000001bf1f200000 - 0x000001bf1f203000 	C:\Users\°×Èð\IdeaProjects\CST206\bin\api-ms-win-crt-utility-l1-1-0.dll
0x00007fff9c130000 - 0x00007fff9c22c000 	C:\Users\°×Èð\IdeaProjects\CST206\bin\ucrtbase.dll
0x00007fffd1360000 - 0x00007fffd137b000 	C:\Users\°×Èð\IdeaProjects\CST206\bin\vcruntime140.dll
0x00007fffd2530000 - 0x00007fffd253c000 	C:\Users\°×Èð\IdeaProjects\CST206\bin\vcruntime140_1.dll
0x00007fffac0c0000 - 0x00007fffac14e000 	C:\Users\°×Èð\IdeaProjects\CST206\bin\msvcp140.dll
0x00007fffd1350000 - 0x00007fffd1359000 	C:\Users\°×Èð\IdeaProjects\CST206\bin\msvcp140_1.dll
0x00007fffc87b0000 - 0x00007fffc87f1000 	C:\Users\°×Èð\IdeaProjects\CST206\bin\msvcp140_2.dll
0x00007fffcf5e0000 - 0x00007fffcf610000 	C:\Users\°×Èð\IdeaProjects\CST206\bin\prism_d3d.dll
0x00007fffec120000 - 0x00007fffec2c9000 	C:\WINDOWS\system32\d3d9.dll
0x00007ffff3ad0000 - 0x00007ffff3afb000 	C:\WINDOWS\SYSTEM32\dwmapi.dll
0x00007ffff3980000 - 0x00007ffff39b9000 	C:\WINDOWS\SYSTEM32\dxcore.dll
0x00007ffff3870000 - 0x00007ffff391b000 	C:\WINDOWS\system32\uxtheme.dll
0x00007fffed820000 - 0x00007fffed8de000 	C:\WINDOWS\System32\DriverStore\FileRepository\nvlt.inf_amd64_cdfc40119eeb7961\nvldumdx.dll
0x00007ffff64f0000 - 0x00007ffff6502000 	C:\WINDOWS\SYSTEM32\msasn1.dll
0x00007fffeef60000 - 0x00007fffeef92000 	C:\WINDOWS\SYSTEM32\cryptnet.dll
0x00007ffff67b0000 - 0x00007ffff6918000 	C:\WINDOWS\System32\CRYPT32.dll
0x00007fffeee00000 - 0x00007fffeef58000 	C:\WINDOWS\SYSTEM32\drvstore.dll
0x00007ffff6440000 - 0x00007ffff646c000 	C:\WINDOWS\SYSTEM32\devobj.dll
0x00007ffff6470000 - 0x00007ffff64be000 	C:\WINDOWS\SYSTEM32\cfgmgr32.dll
0x00007ffff6040000 - 0x00007ffff6089000 	C:\WINDOWS\SYSTEM32\wldp.dll
0x00007ffff5f10000 - 0x00007ffff5f1c000 	C:\WINDOWS\SYSTEM32\cryptbase.dll
0x00007ffff69e0000 - 0x00007ffff6a4b000 	C:\WINDOWS\System32\WINTRUST.DLL
0x00007ffff8670000 - 0x00007ffff868f000 	C:\WINDOWS\System32\imagehlp.dll
0x00007ffff5f20000 - 0x00007ffff5f3b000 	C:\WINDOWS\SYSTEM32\CRYPTSP.dll
0x00007ffff5730000 - 0x00007ffff5765000 	C:\WINDOWS\system32\rsaenh.dll
0x00007fff780f0000 - 0x00007fff7a6f9000 	C:\WINDOWS\System32\DriverStore\FileRepository\nvlt.inf_amd64_cdfc40119eeb7961\nvd3dumx.dll
0x00007ffff0a10000 - 0x00007ffff0a5a000 	C:\WINDOWS\SYSTEM32\directxdatabasehelper.dll
0x00007fffc7160000 - 0x00007fffc71a5000 	C:\Users\°×Èð\IdeaProjects\CST206\bin\glass.dll
0x00007ffff7600000 - 0x00007ffff76f7000 	C:\WINDOWS\System32\COMDLG32.dll
0x00007ffff8dd0000 - 0x00007ffff8f75000 	C:\WINDOWS\System32\ole32.dll
0x00007ffff8030000 - 0x00007ffff8183000 	C:\WINDOWS\System32\MSCTF.dll
0x00007fffab390000 - 0x00007fffab653000 	C:\WINDOWS\system32\nvspcap64.dll
0x00007ffff57f0000 - 0x00007ffff5824000 	C:\WINDOWS\SYSTEM32\ntmarta.dll
0x00007ffff5d40000 - 0x00007ffff5d66000 	C:\WINDOWS\SYSTEM32\gpapi.dll
0x00007ffff8290000 - 0x00007ffff8340000 	C:\WINDOWS\System32\clbcatq.dll
0x00007fffe1a80000 - 0x00007fffe1bf5000 	C:\Windows\System32\Windows.UI.dll
0x00007fffe04f0000 - 0x00007fffe0665000 	C:\Windows\System32\Windows.UI.Immersive.dll
0x00007fffc86d0000 - 0x00007fffc86f7000 	C:\Users\°×Èð\AppData\Local\youdao\dict\Application\10.2.4.0\WordStrokeHelper64.dll
0x00007fffc8890000 - 0x00007fffc88a5000 	C:\Users\°×Èð\IdeaProjects\CST206\bin\javafx_font.dll
0x00007ffff2160000 - 0x00007ffff23d4000 	C:\WINDOWS\SYSTEM32\dwrite.dll
0x00007ffff1fb0000 - 0x00007ffff2160000 	C:\WINDOWS\SYSTEM32\WindowsCodecs.dll

dbghelp: loaded successfully - version: 4.0.5 - missing functions: none
symbol engine: initialized successfully - sym options: 0x614 - pdb path: .;C:\Program Files\Java\jdk-17\bin;C:\WINDOWS\SYSTEM32;C:\WINDOWS\WinSxS\amd64_microsoft.windows.common-controls_6595b64144ccf1df_6.0.22621.3527_none_270e469b73872a76;C:\Program Files\Java\jdk-17\bin\server;C:\Users\°×Èð\IdeaProjects\CST206\b;C:\Users\°×Èð\IdeaProjects\CST206;C:\Users\°×Èð\IdeaProjects\CST2;C:\Users\°×Èð\IdeaProjects\CS;C:\Users\°×Èð\IdeaProjects\;C:\Users\°×Èð\IdeaProject;C:\Users\°×Èð\IdeaProje;C:\Users\°×Èð\IdeaPro;C:\Users\°×Èð\IdeaP;C:\Users\°×Èð\Ide;C:\Users\°×Èð\I;C:\Users\°×Èð;C:\Users\°×;C:\Users\?C:\Users\?C:\Users\?C:\Users\?C:\Users\?C:\Users\?C:\Users\?C:\Users\?C:\Users\?C:\Users\?C:\Users\?C:\Users\?C:\Users\?C:\Users\?C:\Users\?C:\Users\?C:\Users\?C:\Users\?C:\Users\?C:\Users\?C:\Users\?C:\Users\?C:\Users\?C:\Users\?C:\Users\?C:\Users\?C:\Users\?C:\Users\?C:\Users\?C:\Users\?C:\Users\?C:\Users\?C:\Users\?C:\Users\?C:\Users\?C:\Users\°×Èð\IdeaProjects\CST206\bin;C:\WINDOWS\System32\DriverStore\FileRepository\nvlt;C:\Users\°×Èð\IdeaProjects\CST206\bin;C:\WINDOWS\System32\DriverStore\FileRepository\nvlt.inf_amd64_cdfc40119eeb7961;C:\Users\°×Èð\AppData\Local\y;C:\Users\°×Èð\AppData\Local;C:\Users\°×Èð\AppData\Local\youdao\dict\Application\10.2.4.0;C:\Program File

VM Arguments:
jvm_args: --module-path=C:\Users\°×Èð\IdeaProjects\CST206\lib --add-modules=javafx.controls,javafx.graphics,javafx.fxml 
java_command: com.edu.xmum.cst206.App
java_class_path (initial): C:\Users\°×Èð\IdeaProjects\CST206\target\classes;D:\apache-maven-3.9.6\mvn_respon\org\openjfx\javafx-controls\17.0.6\javafx-controls-17.0.6.jar;D:\apache-maven-3.9.6\mvn_respon\org\openjfx\javafx-controls\17.0.6\javafx-controls-17.0.6-win.jar;D:\apache-maven-3.9.6\mvn_respon\org\openjfx\javafx-graphics\17.0.6\javafx-graphics-17.0.6.jar;D:\apache-maven-3.9.6\mvn_respon\org\openjfx\javafx-graphics\17.0.6\javafx-graphics-17.0.6-win.jar;D:\apache-maven-3.9.6\mvn_respon\org\openjfx\javafx-base\17.0.6\javafx-base-17.0.6.jar;D:\apache-maven-3.9.6\mvn_respon\org\openjfx\javafx-base\17.0.6\javafx-base-17.0.6-win.jar;D:\apache-maven-3.9.6\mvn_respon\org\openjfx\javafx-fxml\17.0.6\javafx-fxml-17.0.6.jar;D:\apache-maven-3.9.6\mvn_respon\org\openjfx\javafx-fxml\17.0.6\javafx-fxml-17.0.6-win.jar;D:\apache-maven-3.9.6\mvn_respon\org\openjfx\javafx-media\17.0.6\javafx-media-17.0.6.jar;D:\apache-maven-3.9.6\mvn_respon\org\openjfx\javafx-media\17.0.6\javafx-media-17.0.6-win.jar;D:\apache-maven-3.9.6\mvn_respon\com\github\almasb\fxgl\17.3\fxgl-17.3.jar;D:\apache-maven-3.9.6\mvn_respon\com\github\almasb\fxgl-core\17.3\fxgl-core-17.3.jar;D:\apache-maven-3.9.6\mvn_respon\com\gluonhq\attach\audio\4.0.17\audio-4.0.17.jar;D:\apache-maven-3.9.6\mvn_respon\com\github\almasb\fxgl-io\17.3\fxgl-io-17.3.jar;D:\apache-maven-3.9.6\mvn_respon\com\gluonhq\attach\storage\4.0.17\storage-4.0.17.jar;D:\apache-maven-3.9.6\mvn_respon\com\gluonhq\attach\util\4.0.17\util-4.0.17.jar;D:\apache-maven-3.9.6\mvn_respon\com\github\almasb\fxgl-entity\17.3\fxgl-entity-17.3.jar;D:\apache-maven-3.9.6\mvn_respon\com\github\almasb\fxgl-scene\17.3\fxgl-scene-17.3.jar;D:\apache-maven-3.9.6\mvn_respon\com\github\almasb\fxgl-gameplay\17.3\fxgl-gameplay-17.3.jar;D:\apache-maven-3.9.6\mvn_respon\com\fasterxml\jackson\core\jackson-annotations\2.14.2\jackson-annotations-2.14.2.jar;D:\apache-maven-3.9.6\mvn_respon\com\fasterxml\jackson\core\jackson-databind\2.14.2\jackson-databind-2.14.2.jar;D:\apach
Launcher Type: SUN_STANDARD

[Global flags]
     intx CICompilerCount                          = 4                                         {product} {ergonomic}
     uint ConcGCThreads                            = 3                                         {product} {ergonomic}
     uint G1ConcRefinementThreads                  = 10                                        {product} {ergonomic}
   size_t G1HeapRegionSize                         = 2097152                                   {product} {ergonomic}
    uintx GCDrainStackTargetSize                   = 64                                        {product} {ergonomic}
   size_t InitialHeapSize                          = 266338304                                 {product} {ergonomic}
   size_t MarkStackSize                            = 4194304                                   {product} {ergonomic}
   size_t MaxHeapSize                              = 4253024256                                {product} {ergonomic}
   size_t MaxNewSize                               = 2550136832                                {product} {ergonomic}
   size_t MinHeapDeltaBytes                        = 2097152                                   {product} {ergonomic}
   size_t MinHeapSize                              = 8388608                                   {product} {ergonomic}
    uintx NonNMethodCodeHeapSize                   = 5839372                                {pd product} {ergonomic}
    uintx NonProfiledCodeHeapSize                  = 122909434                              {pd product} {ergonomic}
    uintx ProfiledCodeHeapSize                     = 122909434                              {pd product} {ergonomic}
    uintx ReservedCodeCacheSize                    = 251658240                              {pd product} {ergonomic}
     bool SegmentedCodeCache                       = true                                      {product} {ergonomic}
   size_t SoftMaxHeapSize                          = 4253024256                             {manageable} {ergonomic}
     bool UseCompressedClassPointers               = true                           {product lp64_product} {ergonomic}
     bool UseCompressedOops                        = true                           {product lp64_product} {ergonomic}
     bool UseG1GC                                  = true                                      {product} {ergonomic}
     bool UseLargePagesIndividualAllocation        = false                                  {pd product} {ergonomic}

Logging:
Log output configuration:
 #0: stdout all=warning uptime,level,tags
 #1: stderr all=off uptime,level,tags

Environment Variables:
JAVA_HOME=C:\Program Files\Java\jdk-17
PATH=C:\Program Files (x86)\VMware\VMware Player\bin\;C:\Python312\Scripts\;C:\Python312\;C:\Program Files (x86)\Razer\ChromaBroadcast\bin;C:\Program Files\Razer\ChromaBroadcast\bin;C:\Program Files\Common Files\Oracle\Java\javapath;C:\Windows\system32;C:\Windows;C:\Windows\System32\Wbem;C:\Windows\System32\WindowsPowerShell\v1.0\;C:\Windows\System32\OpenSSH\;C:\Program Files (x86)\NVIDIA Corporation\PhysX\Common;C:\Program Files\NVIDIA Corporation\NVIDIA NvDLISR;C:\WINDOWS\system32;C:\WINDOWS;C:\WINDOWS\System32\Wbem;C:\WINDOWS\System32\WindowsPowerShell\v1.0\;C:\WINDOWS\System32\OpenSSH\;C:\Program Files\Java\jdk-17\bin;C:\Program Files\Java\jdk-17\jre\bin;C:\WINDOWS\system32\config\systemprofile\AppData\Local\Microsoft\WindowsApps;C:\ProgramData\chocolatey\bin;C:\Program Files\nodejs\;C:\ProgramData\Microsoft\Windows\Start Menu\\Programs\Node.js;C:\ProgramData\Microsoft\Windows\Start Menu\Programs\Node.js\vue.cmd;D:\apache-maven-3.9.6\bin;D:\apache-maven-3.9.6\bin;C:\Program Files\Java\jdk-17;C:\Program Files\MySQL\MySQL Server 8.0\bin;C:\texlive\2024\bin\windows;%LATEX%\bin;D:\MinGW64\bin;C:\Program Files\Git\cmd;%JAVAFX_HOME;C:\Users\°×Èð\AppData\Local\Programs\Python\Python311\Scripts\;C:\Users\°×Èð\AppData\Local\Programs\Python\Python311\;C:\Users\°×Èð\AppData\Local\Microsoft\WindowsApps;C:\Program Files\JetBrains\PyCharm Community Edition 2022.3.2\bin;;D:\Microsoft VS Code\bin;C:\Users\°×Èð\AppData\Roaming\npm;D:\IntelliJ IDEA 2023.3.4\bin;
USERNAME=°×Èð
OS=Windows_NT
PROCESSOR_IDENTIFIER=Intel64 Family 6 Model 141 Stepping 1, GenuineIntel



---------------  S Y S T E M  ---------------

OS:
 Windows 11 , 64 bit Build 22621 (10.0.22621.3527)
OS uptime: 6 days 3:40 hours

CPU: total 12 (initial active 12) (6 cores per cpu, 2 threads per core) family 6 model 141 stepping 1 microcode 0x3c, cx8, cmov, fxsr, ht, mmx, 3dnowpref, sse, sse2, sse3, ssse3, sse4.1, sse4.2, popcnt, lzcnt, tsc, tscinvbit, avx, avx2, aes, erms, clmul, bmi1, bmi2, adx, avx512f, avx512dq, avx512cd, avx512bw, avx512vl, sha, fma, vzeroupper, avx512_vpopcntdq, avx512_vpclmulqdq, avx512_vaes, avx512_vnni, clflush, clflushopt, clwb, avx512_vbmi2, avx512_vbmi

Memory: 4k page, system-wide physical 16219M (712M free)
TotalPageFile size 51382M (AvailPageFile size 5M)
current process WorkingSet (physical memory assigned to process): 116M, peak: 116M
current process commit charge ("private bytes"): 403M, peak: 404M

vm_info: Java HotSpot(TM) 64-Bit Server VM (17.0.10+11-LTS-240) for windows-amd64 JRE (17.0.10+11-LTS-240), built on Dec 19 2023 21:47:25 by "mach5one" with MS VC++ 17.1 (VS2022)

END.
